<?xml version="1.0" encoding="UTF-8"?>
<coverage generated="1609320290671" clover="3.2.0">
  <project timestamp="1609320290671" name="All files">
    <metrics statements="372" coveredstatements="371" conditionals="157" coveredconditionals="152" methods="98" coveredmethods="98" elements="627" coveredelements="621" complexity="0" loc="372" ncloc="372" packages="4" files="17" classes="17"/>
    <package name="src">
      <metrics statements="40" coveredstatements="40" conditionals="2" coveredconditionals="2" methods="10" coveredmethods="10"/>
      <file name="axios.ts" path="/Users/licop/Documents/GitHub/ts-request/src/axios.ts">
        <metrics statements="23" coveredstatements="23" conditionals="0" coveredconditionals="0" methods="5" coveredmethods="5"/>
        <line num="2" count="12" type="stmt"/>
        <line num="3" count="12" type="stmt"/>
        <line num="4" count="12" type="stmt"/>
        <line num="5" count="12" type="stmt"/>
        <line num="6" count="12" type="stmt"/>
        <line num="7" count="12" type="stmt"/>
        <line num="10" count="36" type="stmt"/>
        <line num="11" count="36" type="stmt"/>
        <line num="13" count="36" type="stmt"/>
        <line num="15" count="36" type="stmt"/>
        <line num="18" count="12" type="stmt"/>
        <line num="19" count="12" type="stmt"/>
        <line num="20" count="24" type="stmt"/>
        <line num="22" count="12" type="stmt"/>
        <line num="23" count="12" type="stmt"/>
        <line num="24" count="12" type="stmt"/>
        <line num="26" count="12" type="stmt"/>
        <line num="27" count="2" type="stmt"/>
        <line num="30" count="12" type="stmt"/>
        <line num="31" count="1" type="stmt"/>
        <line num="32" count="1" type="stmt"/>
        <line num="36" count="12" type="stmt"/>
        <line num="38" count="12" type="stmt"/>
      </file>
      <file name="defaults.ts" path="/Users/licop/Documents/GitHub/ts-request/src/defaults.ts">
        <metrics statements="14" coveredstatements="14" conditionals="2" coveredconditionals="2" methods="5" coveredmethods="5"/>
        <line num="2" count="12" type="stmt"/>
        <line num="3" count="12" type="stmt"/>
        <line num="5" count="12" type="stmt"/>
        <line num="18" count="59" type="stmt"/>
        <line num="19" count="59" type="stmt"/>
        <line num="25" count="17" type="stmt"/>
        <line num="30" count="14" type="cond" truecount="2" falsecount="0"/>
        <line num="34" count="12" type="stmt"/>
        <line num="35" count="12" type="stmt"/>
        <line num="36" count="48" type="stmt"/>
        <line num="39" count="12" type="stmt"/>
        <line num="41" count="12" type="stmt"/>
        <line num="42" count="36" type="stmt"/>
        <line num="47" count="12" type="stmt"/>
      </file>
      <file name="index.ts" path="/Users/licop/Documents/GitHub/ts-request/src/index.ts">
        <metrics statements="3" coveredstatements="3" conditionals="0" coveredconditionals="0" methods="0" coveredmethods="0"/>
        <line num="1" count="12" type="stmt"/>
        <line num="3" count="12" type="stmt"/>
        <line num="5" count="12" type="stmt"/>
      </file>
    </package>
    <package name="src.cancel">
      <metrics statements="23" coveredstatements="23" conditionals="4" coveredconditionals="4" methods="10" coveredmethods="10"/>
      <file name="Cancel.ts" path="/Users/licop/Documents/GitHub/ts-request/src/cancel/Cancel.ts">
        <metrics statements="5" coveredstatements="5" conditionals="0" coveredconditionals="0" methods="3" coveredmethods="3"/>
        <line num="1" count="14" type="stmt"/>
        <line num="5" count="11" type="stmt"/>
        <line num="7" count="14" type="stmt"/>
        <line num="9" count="14" type="stmt"/>
        <line num="10" count="2" type="stmt"/>
      </file>
      <file name="CancelToken.ts" path="/Users/licop/Documents/GitHub/ts-request/src/cancel/CancelToken.ts">
        <metrics statements="18" coveredstatements="18" conditionals="4" coveredconditionals="4" methods="7" coveredmethods="7"/>
        <line num="2" count="13" type="stmt"/>
        <line num="8" count="13" type="stmt"/>
        <line num="12" count="11" type="stmt"/>
        <line num="15" count="11" type="stmt"/>
        <line num="16" count="11" type="stmt"/>
        <line num="19" count="11" type="stmt"/>
        <line num="20" count="10" type="cond" truecount="2" falsecount="0"/>
        <line num="21" count="1" type="stmt"/>
        <line num="24" count="9" type="stmt"/>
        <line num="25" count="9" type="stmt"/>
        <line num="29" count="13" type="stmt"/>
        <line num="31" count="5" type="stmt"/>
        <line num="32" count="5" type="stmt"/>
        <line num="34" count="5" type="stmt"/>
        <line num="40" count="13" type="stmt"/>
        <line num="41" count="6" type="cond" truecount="2" falsecount="0"/>
        <line num="42" count="2" type="stmt"/>
        <line num="45" count="13" type="stmt"/>
      </file>
    </package>
    <package name="src.core">
      <metrics statements="181" coveredstatements="180" conditionals="89" coveredconditionals="85" methods="49" coveredmethods="49"/>
      <file name="Axios.ts" path="/Users/licop/Documents/GitHub/ts-request/src/core/Axios.ts">
        <metrics statements="46" coveredstatements="46" conditionals="8" coveredconditionals="8" methods="15" coveredmethods="15"/>
        <line num="9" count="12" type="stmt"/>
        <line num="10" count="12" type="stmt"/>
        <line num="11" count="12" type="stmt"/>
        <line num="23" count="12" type="stmt"/>
        <line num="28" count="36" type="stmt"/>
        <line num="29" count="36" type="stmt"/>
        <line num="35" count="12" type="stmt"/>
        <line num="36" count="61" type="cond" truecount="2" falsecount="0"/>
        <line num="37" count="31" type="cond" truecount="2" falsecount="0"/>
        <line num="38" count="19" type="stmt"/>
        <line num="40" count="31" type="stmt"/>
        <line num="42" count="30" type="stmt"/>
        <line num="45" count="61" type="stmt"/>
        <line num="46" count="61" type="stmt"/>
        <line num="48" count="61" type="stmt"/>
        <line num="55" count="61" type="stmt"/>
        <line num="56" count="7" type="stmt"/>
        <line num="59" count="61" type="stmt"/>
        <line num="60" count="8" type="stmt"/>
        <line num="63" count="61" type="stmt"/>
        <line num="64" count="61" type="stmt"/>
        <line num="65" count="76" type="stmt"/>
        <line num="66" count="76" type="stmt"/>
        <line num="69" count="61" type="stmt"/>
        <line num="72" count="12" type="stmt"/>
        <line num="73" count="12" type="stmt"/>
        <line num="75" count="12" type="stmt"/>
        <line num="76" count="1" type="stmt"/>
        <line num="78" count="12" type="stmt"/>
        <line num="79" count="1" type="stmt"/>
        <line num="81" count="12" type="stmt"/>
        <line num="82" count="1" type="stmt"/>
        <line num="85" count="12" type="stmt"/>
        <line num="86" count="12" type="stmt"/>
        <line num="88" count="12" type="stmt"/>
        <line num="89" count="1" type="stmt"/>
        <line num="91" count="12" type="stmt"/>
        <line num="92" count="1" type="stmt"/>
        <line num="94" count="12" type="stmt"/>
        <line num="95" count="1" type="stmt"/>
        <line num="96" count="1" type="stmt"/>
        <line num="99" count="12" type="stmt"/>
        <line num="104" count="15" type="stmt"/>
        <line num="111" count="12" type="stmt"/>
        <line num="117" count="14" type="stmt"/>
        <line num="125" count="12" type="stmt"/>
      </file>
      <file name="InterceptorManager.ts" path="/Users/licop/Documents/GitHub/ts-request/src/core/InterceptorManager.ts">
        <metrics statements="13" coveredstatements="13" conditionals="4" coveredconditionals="4" methods="6" coveredmethods="6"/>
        <line num="12" count="12" type="stmt"/>
        <line num="16" count="72" type="stmt"/>
        <line num="19" count="12" type="stmt"/>
        <line num="20" count="17" type="stmt"/>
        <line num="24" count="17" type="stmt"/>
        <line num="27" count="12" type="stmt"/>
        <line num="28" count="122" type="stmt"/>
        <line num="29" count="16" type="cond" truecount="2" falsecount="0"/>
        <line num="30" count="15" type="stmt"/>
        <line num="35" count="12" type="stmt"/>
        <line num="36" count="2" type="cond" truecount="2" falsecount="0"/>
        <line num="37" count="1" type="stmt"/>
        <line num="40" count="12" type="stmt"/>
      </file>
      <file name="dispatchRequest.ts" path="/Users/licop/Documents/GitHub/ts-request/src/core/dispatchRequest.ts">
        <metrics statements="24" coveredstatements="24" conditionals="10" coveredconditionals="10" methods="7" coveredmethods="7"/>
        <line num="1" count="12" type="stmt"/>
        <line num="8" count="12" type="stmt"/>
        <line num="9" count="12" type="stmt"/>
        <line num="10" count="12" type="stmt"/>
        <line num="12" count="12" type="stmt"/>
        <line num="15" count="61" type="stmt"/>
        <line num="16" count="60" type="stmt"/>
        <line num="17" count="60" type="stmt"/>
        <line num="19" count="13" type="stmt"/>
        <line num="22" count="7" type="cond" truecount="4" falsecount="0"/>
        <line num="23" count="2" type="stmt"/>
        <line num="25" count="7" type="stmt"/>
        <line num="31" count="60" type="stmt"/>
        <line num="32" count="60" type="stmt"/>
        <line num="33" count="60" type="stmt"/>
        <line num="36" count="12" type="stmt"/>
        <line num="37" count="244" type="stmt"/>
        <line num="38" count="61" type="cond" truecount="4" falsecount="0"/>
        <line num="39" count="4" type="stmt"/>
        <line num="42" count="61" type="stmt"/>
        <line num="46" count="15" type="stmt"/>
        <line num="47" count="15" type="stmt"/>
        <line num="51" count="61" type="cond" truecount="2" falsecount="0"/>
        <line num="52" count="4" type="stmt"/>
      </file>
      <file name="mergeConfig.ts" path="/Users/licop/Documents/GitHub/ts-request/src/core/mergeConfig.ts">
        <metrics statements="30" coveredstatements="30" conditionals="16" coveredconditionals="16" methods="7" coveredmethods="7"/>
        <line num="1" count="12" type="stmt"/>
        <line num="4" count="12" type="stmt"/>
        <line num="8" count="650" type="cond" truecount="2" falsecount="0"/>
        <line num="12" count="83" type="cond" truecount="2" falsecount="0"/>
        <line num="13" count="75" type="stmt"/>
        <line num="18" count="100" type="cond" truecount="2" falsecount="0"/>
        <line num="19" count="11" type="stmt"/>
        <line num="20" count="89" type="cond" truecount="2" falsecount="0"/>
        <line num="21" count="2" type="stmt"/>
        <line num="22" count="87" type="cond" truecount="2" falsecount="0"/>
        <line num="23" count="86" type="stmt"/>
        <line num="25" count="1" type="stmt"/>
        <line num="29" count="12" type="stmt"/>
        <line num="30" count="12" type="stmt"/>
        <line num="32" count="12" type="stmt"/>
        <line num="33" count="36" type="stmt"/>
        <line num="36" count="12" type="stmt"/>
        <line num="37" count="24" type="stmt"/>
        <line num="40" count="12" type="stmt"/>
        <line num="44" count="96" type="cond" truecount="2" falsecount="0"/>
        <line num="45" count="22" type="stmt"/>
        <line num="47" count="96" type="stmt"/>
        <line num="48" count="96" type="stmt"/>
        <line num="49" count="145" type="stmt"/>
        <line num="52" count="96" type="stmt"/>
        <line num="53" count="738" type="cond" truecount="2" falsecount="0"/>
        <line num="54" count="688" type="stmt"/>
        <line num="59" count="833" type="cond" truecount="2" falsecount="0"/>
        <line num="60" count="833" type="stmt"/>
        <line num="63" count="96" type="stmt"/>
      </file>
      <file name="transform.ts" path="/Users/licop/Documents/GitHub/ts-request/src/core/transform.ts">
        <metrics statements="8" coveredstatements="8" conditionals="4" coveredconditionals="4" methods="2" coveredmethods="2"/>
        <line num="3" count="12" type="stmt"/>
        <line num="8" count="75" type="cond" truecount="2" falsecount="0"/>
        <line num="9" count="1" type="stmt"/>
        <line num="11" count="74" type="cond" truecount="2" falsecount="0"/>
        <line num="12" count="2" type="stmt"/>
        <line num="14" count="74" type="stmt"/>
        <line num="15" count="75" type="stmt"/>
        <line num="17" count="74" type="stmt"/>
      </file>
      <file name="xhr.ts" path="/Users/licop/Documents/GitHub/ts-request/src/core/xhr.ts">
        <metrics statements="60" coveredstatements="59" conditionals="47" coveredconditionals="43" methods="12" coveredmethods="12"/>
        <line num="2" count="12" type="stmt"/>
        <line num="3" count="12" type="stmt"/>
        <line num="4" count="12" type="stmt"/>
        <line num="5" count="12" type="stmt"/>
        <line num="6" count="12" type="stmt"/>
        <line num="8" count="12" type="stmt"/>
        <line num="9" count="60" type="stmt"/>
        <line num="11" count="60" type="cond" truecount="2" falsecount="0"/>
        <line num="13" count="60" type="cond" truecount="1" falsecount="1"/>
        <line num="14" count="60" type="cond" truecount="2" falsecount="0"/>
        <line num="27" count="840" type="stmt"/>
        <line num="29" count="60" type="stmt"/>
        <line num="30" count="60" type="stmt"/>
        <line num="32" count="60" type="stmt"/>
        <line num="33" count="60" type="stmt"/>
        <line num="34" count="60" type="stmt"/>
        <line num="35" count="59" type="stmt"/>
        <line num="36" count="59" type="stmt"/>
        <line num="39" count="60" type="cond" truecount="1" falsecount="1"/>
        <line num="40" count="0" type="stmt"/>
        <line num="42" count="60" type="cond" truecount="2" falsecount="0"/>
        <line num="43" count="2" type="stmt"/>
        <line num="46" count="60" type="cond" truecount="2" falsecount="0"/>
        <line num="47" count="2" type="stmt"/>
        <line num="52" count="60" type="stmt"/>
        <line num="53" count="36" type="cond" truecount="2" falsecount="0"/>
        <line num="54" count="19" type="stmt"/>
        <line num="56" count="17" type="cond" truecount="2" falsecount="0"/>
        <line num="57" count="1" type="stmt"/>
        <line num="60" count="16" type="stmt"/>
        <line num="63" count="16" type="cond" truecount="1" falsecount="1"/>
        <line num="67" count="16" type="stmt"/>
        <line num="75" count="16" type="stmt"/>
        <line num="79" count="60" type="stmt"/>
        <line num="80" count="1" type="stmt"/>
        <line num="83" count="60" type="stmt"/>
        <line num="84" count="1" type="stmt"/>
        <line num="94" count="60" type="cond" truecount="2" falsecount="0"/>
        <line num="95" count="1" type="stmt"/>
        <line num="98" count="60" type="cond" truecount="2" falsecount="0"/>
        <line num="99" count="1" type="stmt"/>
        <line num="104" count="60" type="cond" truecount="2" falsecount="0"/>
        <line num="105" count="1" type="stmt"/>
        <line num="108" count="60" type="cond" truecount="5" falsecount="0"/>
        <line num="109" count="55" type="stmt"/>
        <line num="110" count="55" type="cond" truecount="4" falsecount="0"/>
        <line num="111" count="3" type="stmt"/>
        <line num="116" count="60" type="cond" truecount="2" falsecount="0"/>
        <line num="117" count="4" type="stmt"/>
        <line num="121" count="59" type="stmt"/>
        <line num="122" count="93" type="cond" truecount="4" falsecount="0"/>
        <line num="123" count="9" type="stmt"/>
        <line num="125" count="84" type="stmt"/>
        <line num="131" count="59" type="cond" truecount="2" falsecount="0"/>
        <line num="132" count="3" type="stmt"/>
        <line num="134" count="3" type="stmt"/>
        <line num="135" count="3" type="stmt"/>
        <line num="147" count="16" type="cond" truecount="4" falsecount="0"/>
        <line num="148" count="14" type="stmt"/>
        <line num="150" count="2" type="stmt"/>
      </file>
    </package>
    <package name="src.helpers">
      <metrics statements="128" coveredstatements="128" conditionals="62" coveredconditionals="61" methods="29" coveredmethods="29"/>
      <file name="cookie.ts" path="/Users/licop/Documents/GitHub/ts-request/src/helpers/cookie.ts">
        <metrics statements="4" coveredstatements="4" conditionals="2" coveredconditionals="2" methods="1" coveredmethods="1"/>
        <line num="1" count="13" type="stmt"/>
        <line num="3" count="57" type="stmt"/>
        <line num="6" count="57" type="cond" truecount="2" falsecount="0"/>
        <line num="10" count="13" type="stmt"/>
      </file>
      <file name="data.ts" path="/Users/licop/Documents/GitHub/ts-request/src/helpers/data.ts">
        <metrics statements="10" coveredstatements="10" conditionals="4" coveredconditionals="4" methods="2" coveredmethods="2"/>
        <line num="1" count="13" type="stmt"/>
        <line num="3" count="13" type="stmt"/>
        <line num="4" count="61" type="cond" truecount="2" falsecount="0"/>
        <line num="5" count="7" type="stmt"/>
        <line num="7" count="54" type="stmt"/>
        <line num="10" count="13" type="stmt"/>
        <line num="11" count="20" type="cond" truecount="2" falsecount="0"/>
        <line num="12" count="19" type="stmt"/>
        <line num="13" count="19" type="stmt"/>
        <line num="18" count="20" type="stmt"/>
      </file>
      <file name="error.ts" path="/Users/licop/Documents/GitHub/ts-request/src/helpers/error.ts">
        <metrics statements="12" coveredstatements="12" conditionals="2" coveredconditionals="1" methods="3" coveredmethods="3"/>
        <line num="3" count="13" type="stmt"/>
        <line num="17" count="5" type="cond" truecount="1" falsecount="1"/>
        <line num="19" count="5" type="stmt"/>
        <line num="20" count="5" type="stmt"/>
        <line num="21" count="5" type="stmt"/>
        <line num="22" count="5" type="stmt"/>
        <line num="23" count="5" type="stmt"/>
        <line num="25" count="5" type="stmt"/>
        <line num="27" count="13" type="stmt"/>
        <line num="30" count="13" type="stmt"/>
        <line num="37" count="5" type="stmt"/>
        <line num="38" count="5" type="stmt"/>
      </file>
      <file name="headers.ts" path="/Users/licop/Documents/GitHub/ts-request/src/helpers/headers.ts">
        <metrics statements="33" coveredstatements="33" conditionals="18" coveredconditionals="18" methods="7" coveredmethods="7"/>
        <line num="1" count="13" type="stmt"/>
        <line num="5" count="64" type="cond" truecount="2" falsecount="0"/>
        <line num="6" count="4" type="stmt"/>
        <line num="8" count="60" type="stmt"/>
        <line num="9" count="468" type="cond" truecount="2" falsecount="0"/>
        <line num="13" count="2" type="stmt"/>
        <line num="14" count="2" type="stmt"/>
        <line num="19" count="13" type="stmt"/>
        <line num="20" count="64" type="stmt"/>
        <line num="22" count="64" type="cond" truecount="2" falsecount="0"/>
        <line num="23" count="10" type="cond" truecount="4" falsecount="0"/>
        <line num="24" count="5" type="stmt"/>
        <line num="27" count="64" type="stmt"/>
        <line num="30" count="13" type="stmt"/>
        <line num="31" count="18" type="stmt"/>
        <line num="32" count="18" type="cond" truecount="2" falsecount="0"/>
        <line num="33" count="1" type="stmt"/>
        <line num="36" count="17" type="stmt"/>
        <line num="37" count="38" type="stmt"/>
        <line num="38" count="38" type="stmt"/>
        <line num="39" count="38" type="cond" truecount="2" falsecount="0"/>
        <line num="40" count="17" type="stmt"/>
        <line num="42" count="21" type="stmt"/>
        <line num="43" count="21" type="stmt"/>
        <line num="46" count="17" type="stmt"/>
        <line num="49" count="13" type="stmt"/>
        <line num="50" count="64" type="cond" truecount="2" falsecount="0"/>
        <line num="51" count="3" type="stmt"/>
        <line num="53" count="61" type="stmt"/>
        <line num="55" count="61" type="stmt"/>
        <line num="66" count="61" type="stmt"/>
        <line num="67" count="488" type="stmt"/>
        <line num="70" count="61" type="stmt"/>
      </file>
      <file name="url.ts" path="/Users/licop/Documents/GitHub/ts-request/src/helpers/url.ts">
        <metrics statements="44" coveredstatements="44" conditionals="26" coveredconditionals="26" methods="8" coveredmethods="8"/>
        <line num="1" count="13" type="stmt"/>
        <line num="9" count="24" type="stmt"/>
        <line num="19" count="13" type="stmt"/>
        <line num="24" count="73" type="cond" truecount="2" falsecount="0"/>
        <line num="25" count="61" type="stmt"/>
        <line num="29" count="12" type="cond" truecount="2" falsecount="0"/>
        <line num="30" count="1" type="stmt"/>
        <line num="31" count="11" type="cond" truecount="2" falsecount="0"/>
        <line num="32" count="1" type="stmt"/>
        <line num="34" count="10" type="stmt"/>
        <line num="35" count="10" type="stmt"/>
        <line num="36" count="13" type="stmt"/>
        <line num="37" count="13" type="cond" truecount="4" falsecount="0"/>
        <line num="38" count="2" type="stmt"/>
        <line num="40" count="11" type="stmt"/>
        <line num="41" count="11" type="cond" truecount="2" falsecount="0"/>
        <line num="42" count="1" type="stmt"/>
        <line num="43" count="1" type="stmt"/>
        <line num="45" count="10" type="stmt"/>
        <line num="47" count="11" type="stmt"/>
        <line num="48" count="12" type="cond" truecount="2" falsecount="0"/>
        <line num="49" count="1" type="stmt"/>
        <line num="50" count="11" type="cond" truecount="2" falsecount="0"/>
        <line num="51" count="1" type="stmt"/>
        <line num="53" count="12" type="stmt"/>
        <line num="56" count="11" type="stmt"/>
        <line num="60" count="12" type="cond" truecount="2" falsecount="0"/>
        <line num="61" count="11" type="stmt"/>
        <line num="62" count="11" type="cond" truecount="2" falsecount="0"/>
        <line num="63" count="1" type="stmt"/>
        <line num="65" count="11" type="cond" truecount="2" falsecount="0"/>
        <line num="68" count="12" type="stmt"/>
        <line num="71" count="13" type="stmt"/>
        <line num="72" count="12" type="stmt"/>
        <line num="75" count="13" type="stmt"/>
        <line num="76" count="9" type="stmt"/>
        <line num="82" count="13" type="stmt"/>
        <line num="83" count="60" type="stmt"/>
        <line num="85" count="60" type="stmt"/>
        <line num="91" count="13" type="stmt"/>
        <line num="92" count="13" type="stmt"/>
        <line num="95" count="73" type="stmt"/>
        <line num="96" count="146" type="stmt"/>
        <line num="97" count="73" type="stmt"/>
      </file>
      <file name="util.ts" path="/Users/licop/Documents/GitHub/ts-request/src/helpers/util.ts">
        <metrics statements="25" coveredstatements="25" conditionals="10" coveredconditionals="10" methods="8" coveredmethods="8"/>
        <line num="1" count="16" type="stmt"/>
        <line num="3" count="16" type="stmt"/>
        <line num="4" count="14" type="stmt"/>
        <line num="7" count="16" type="stmt"/>
        <line num="8" count="3504" type="stmt"/>
        <line num="11" count="16" type="stmt"/>
        <line num="12" count="62" type="cond" truecount="2" falsecount="0"/>
        <line num="15" count="16" type="stmt"/>
        <line num="16" count="13" type="cond" truecount="2" falsecount="0"/>
        <line num="19" count="16" type="stmt"/>
        <line num="20" count="38" type="stmt"/>
        <line num="21" count="470" type="stmt"/>
        <line num="23" count="38" type="stmt"/>
        <line num="26" count="4291" type="stmt"/>
        <line num="27" count="1380" type="stmt"/>
        <line num="29" count="1380" type="stmt"/>
        <line num="30" count="1531" type="cond" truecount="2" falsecount="0"/>
        <line num="31" count="1516" type="stmt"/>
        <line num="32" count="1968" type="stmt"/>
        <line num="33" count="1968" type="cond" truecount="2" falsecount="0"/>
        <line num="34" count="1211" type="cond" truecount="2" falsecount="0"/>
        <line num="35" count="4" type="stmt"/>
        <line num="37" count="1207" type="stmt"/>
        <line num="40" count="757" type="stmt"/>
        <line num="46" count="1380" type="stmt"/>
      </file>
    </package>
  </project>
</coverage>
