{"/Users/licop/Documents/GitHub/ts-request/src/axios.ts": {"path":"/Users/licop/Documents/GitHub/ts-request/src/axios.ts","statementMap":{"0":{"start":{"line":2,"column":0},"end":{"line":2,"column":32}},"1":{"start":{"line":3,"column":0},"end":{"line":3,"column":39}},"2":{"start":{"line":4,"column":0},"end":{"line":4,"column":33}},"3":{"start":{"line":5,"column":0},"end":{"line":5,"column":44}},"4":{"start":{"line":6,"column":0},"end":{"line":6,"column":46}},"5":{"start":{"line":7,"column":0},"end":{"line":7,"column":50}},"6":{"start":{"line":10,"column":18},"end":{"line":10,"column":35}},"7":{"start":{"line":11,"column":19},"end":{"line":11,"column":56}},"8":{"start":{"line":13,"column":2},"end":{"line":13,"column":null}},"9":{"start":{"line":15,"column":2},"end":{"line":15,"column":null}},"10":{"start":{"line":18,"column":14},"end":{"line":18,"column":38}},"11":{"start":{"line":19,"column":0},"end":{"line":21,"column":null}},"12":{"start":{"line":20,"column":2},"end":{"line":20,"column":null}},"13":{"start":{"line":22,"column":0},"end":{"line":22,"column":null}},"14":{"start":{"line":23,"column":0},"end":{"line":23,"column":null}},"15":{"start":{"line":24,"column":0},"end":{"line":24,"column":null}},"16":{"start":{"line":26,"column":0},"end":{"line":28,"column":null}},"17":{"start":{"line":27,"column":2},"end":{"line":27,"column":null}},"18":{"start":{"line":30,"column":0},"end":{"line":34,"column":null}},"19":{"start":{"line":31,"column":2},"end":{"line":33,"column":null}},"20":{"start":{"line":32,"column":4},"end":{"line":32,"column":null}},"21":{"start":{"line":36,"column":0},"end":{"line":36,"column":null}},"22":{"start":{"line":38,"column":0},"end":{"line":38,"column":null}}},"fnMap":{"0":{"name":"createInstance","decl":{"start":{"line":9,"column":9},"end":{"line":9,"column":23}},"loc":{"start":{"line":9,"column":50},"end":{"line":16,"column":1}}},"1":{"name":"create","decl":{"start":{"line":19,"column":24},"end":{"line":19,"column":30}},"loc":{"start":{"line":19,"column":37},"end":{"line":21,"column":1}}},"2":{"name":"all","decl":{"start":{"line":26,"column":21},"end":{"line":26,"column":24}},"loc":{"start":{"line":26,"column":33},"end":{"line":28,"column":1}}},"3":{"name":"spread","decl":{"start":{"line":30,"column":24},"end":{"line":30,"column":30}},"loc":{"start":{"line":30,"column":39},"end":{"line":34,"column":1}}},"4":{"name":"wrap","decl":{"start":{"line":31,"column":18},"end":{"line":31,"column":22}},"loc":{"start":{"line":31,"column":26},"end":{"line":33,"column":3}}}},"branchMap":{},"s":{"0":12,"1":12,"2":12,"3":12,"4":12,"5":12,"6":36,"7":36,"8":36,"9":36,"10":12,"11":12,"12":24,"13":12,"14":12,"15":12,"16":12,"17":2,"18":12,"19":1,"20":1,"21":12,"22":12},"f":{"0":36,"1":24,"2":2,"3":1,"4":1},"b":{}}
,"/Users/licop/Documents/GitHub/ts-request/src/defaults.ts": {"path":"/Users/licop/Documents/GitHub/ts-request/src/defaults.ts","statementMap":{"0":{"start":{"line":2,"column":0},"end":{"line":2,"column":50}},"1":{"start":{"line":3,"column":0},"end":{"line":3,"column":68}},"2":{"start":{"line":5,"column":37},"end":{"line":32,"column":null}},"3":{"start":{"line":18,"column":6},"end":{"line":18,"column":null}},"4":{"start":{"line":19,"column":6},"end":{"line":19,"column":null}},"5":{"start":{"line":25,"column":6},"end":{"line":25,"column":null}},"6":{"start":{"line":30,"column":4},"end":{"line":30,"column":null}},"7":{"start":{"line":34,"column":22},"end":{"line":34,"column":58}},"8":{"start":{"line":35,"column":0},"end":{"line":37,"column":null}},"9":{"start":{"line":36,"column":2},"end":{"line":36,"column":null}},"10":{"start":{"line":39,"column":24},"end":{"line":39,"column":48}},"11":{"start":{"line":41,"column":0},"end":{"line":45,"column":null}},"12":{"start":{"line":42,"column":2},"end":{"line":44,"column":null}},"13":{"start":{"line":47,"column":0},"end":{"line":47,"column":null}}},"fnMap":{"0":{"name":"(anonymous_0)","decl":{"start":{"line":17,"column":4},"end":{"line":17,"column":13}},"loc":{"start":{"line":17,"column":36},"end":{"line":20,"column":5}}},"1":{"name":"(anonymous_1)","decl":{"start":{"line":24,"column":4},"end":{"line":24,"column":13}},"loc":{"start":{"line":24,"column":22},"end":{"line":26,"column":5}}},"2":{"name":"(anonymous_2)","decl":{"start":{"line":29,"column":2},"end":{"line":29,"column":16}},"loc":{"start":{"line":29,"column":31},"end":{"line":31,"column":3}}},"3":{"name":"(anonymous_3)","decl":{"start":{"line":35,"column":22},"end":{"line":35,"column":28}},"loc":{"start":{"line":35,"column":28},"end":{"line":37,"column":1}}},"4":{"name":"(anonymous_4)","decl":{"start":{"line":41,"column":24},"end":{"line":41,"column":30}},"loc":{"start":{"line":41,"column":30},"end":{"line":45,"column":1}}}},"branchMap":{"0":{"loc":{"start":{"line":30,"column":11},"end":{"line":30,"column":24}},"type":"binary-expr","locations":[{"start":{"line":30,"column":11},"end":{"line":30,"column":24}},{"start":{"line":30,"column":28},"end":{"line":30,"column":40}}]}},"s":{"0":12,"1":12,"2":12,"3":59,"4":59,"5":17,"6":14,"7":12,"8":12,"9":48,"10":12,"11":12,"12":36,"13":12},"f":{"0":59,"1":17,"2":14,"3":48,"4":36},"b":{"0":[14,14]}}
,"/Users/licop/Documents/GitHub/ts-request/src/index.ts": {"path":"/Users/licop/Documents/GitHub/ts-request/src/index.ts","statementMap":{"0":{"start":{"line":1,"column":0},"end":{"line":1,"column":27}},"1":{"start":{"line":3,"column":0},"end":{"line":3,"column":23}},"2":{"start":{"line":5,"column":0},"end":{"line":5,"column":null}}},"fnMap":{},"branchMap":{},"s":{"0":12,"1":12,"2":12},"f":{},"b":{}}
,"/Users/licop/Documents/GitHub/ts-request/src/cancel/Cancel.ts": {"path":"/Users/licop/Documents/GitHub/ts-request/src/cancel/Cancel.ts","statementMap":{"0":{"start":{"line":1,"column":0},"end":{"line":1,"column":null}},"1":{"start":{"line":5,"column":4},"end":{"line":5,"column":null}},"2":{"start":{"line":7,"column":0},"end":{"line":7,"column":null}},"3":{"start":{"line":10,"column":2},"end":{"line":10,"column":null}},"4":{"start":{"line":9,"column":0},"end":{"line":9,"column":16}}},"fnMap":{"0":{"name":"(anonymous_0)","decl":{"start":{"line":1,"column":0},"end":{"line":1,"column":null}},"loc":{"start":{"line":1,"column":0},"end":{"line":7,"column":null}}},"1":{"name":"Cancel","decl":{"start":{"line":4,"column":2},"end":{"line":4,"column":14}},"loc":{"start":{"line":4,"column":30},"end":{"line":6,"column":3}}},"2":{"name":"isCancel","decl":{"start":{"line":9,"column":16},"end":{"line":9,"column":24}},"loc":{"start":{"line":9,"column":35},"end":{"line":11,"column":1}}}},"branchMap":{},"s":{"0":14,"1":11,"2":14,"3":2,"4":14},"f":{"0":14,"1":11,"2":2},"b":{}}
,"/Users/licop/Documents/GitHub/ts-request/src/cancel/CancelToken.ts": {"path":"/Users/licop/Documents/GitHub/ts-request/src/cancel/CancelToken.ts","statementMap":{"0":{"start":{"line":2,"column":0},"end":{"line":2,"column":29}},"1":{"start":{"line":8,"column":0},"end":{"line":8,"column":null}},"2":{"start":{"line":12,"column":2},"end":{"line":12,"column":14}},"3":{"start":{"line":15,"column":4},"end":{"line":17,"column":null}},"4":{"start":{"line":16,"column":8},"end":{"line":16,"column":null}},"5":{"start":{"line":19,"column":4},"end":{"line":26,"column":null}},"6":{"start":{"line":20,"column":6},"end":{"line":22,"column":null}},"7":{"start":{"line":21,"column":8},"end":{"line":21,"column":14}},"8":{"start":{"line":24,"column":6},"end":{"line":24,"column":null}},"9":{"start":{"line":25,"column":6},"end":{"line":25,"column":null}},"10":{"start":{"line":29,"column":9},"end":{"line":38,"column":null}},"11":{"start":{"line":31,"column":18},"end":{"line":33,"column":6}},"12":{"start":{"line":32,"column":6},"end":{"line":32,"column":null}},"13":{"start":{"line":34,"column":4},"end":{"line":37,"column":null}},"14":{"start":{"line":40,"column":2},"end":{"line":44,"column":null}},"15":{"start":{"line":41,"column":4},"end":{"line":43,"column":null}},"16":{"start":{"line":42,"column":6},"end":{"line":42,"column":null}},"17":{"start":{"line":45,"column":0},"end":{"line":45,"column":null}}},"fnMap":{"0":{"name":"(anonymous_0)","decl":{"start":{"line":8,"column":0},"end":{"line":8,"column":null}},"loc":{"start":{"line":8,"column":0},"end":{"line":45,"column":null}}},"1":{"name":"CancelToken","decl":{"start":{"line":12,"column":2},"end":{"line":12,"column":14}},"loc":{"start":{"line":12,"column":38},"end":{"line":27,"column":3}}},"2":{"name":"(anonymous_2)","decl":{"start":{"line":15,"column":39},"end":{"line":15,"column":46}},"loc":{"start":{"line":15,"column":46},"end":{"line":17,"column":5}}},"3":{"name":"(anonymous_3)","decl":{"start":{"line":19,"column":13},"end":{"line":19,"column":20}},"loc":{"start":{"line":19,"column":20},"end":{"line":26,"column":5}}},"4":{"name":"(anonymous_4)","decl":{"start":{"line":29,"column":2},"end":{"line":29,"column":9}},"loc":{"start":{"line":29,"column":2},"end":{"line":38,"column":3}}},"5":{"name":"(anonymous_5)","decl":{"start":{"line":31,"column":34},"end":{"line":31,"column":35}},"loc":{"start":{"line":31,"column":35},"end":{"line":33,"column":5}}},"6":{"name":"(anonymous_6)","decl":{"start":{"line":40,"column":2},"end":{"line":40,"column":18}},"loc":{"start":{"line":40,"column":2},"end":{"line":44,"column":3}}}},"branchMap":{"0":{"loc":{"start":{"line":20,"column":6},"end":{"line":22,"column":null}},"type":"if","locations":[{"start":{"line":20,"column":6},"end":{"line":22,"column":null}},{"start":{"line":20,"column":6},"end":{"line":22,"column":null}}]},"1":{"loc":{"start":{"line":41,"column":4},"end":{"line":43,"column":null}},"type":"if","locations":[{"start":{"line":41,"column":4},"end":{"line":43,"column":null}},{"start":{"line":41,"column":4},"end":{"line":43,"column":null}}]}},"s":{"0":13,"1":13,"2":11,"3":11,"4":11,"5":11,"6":10,"7":1,"8":9,"9":9,"10":13,"11":5,"12":5,"13":5,"14":13,"15":6,"16":2,"17":13},"f":{"0":13,"1":11,"2":11,"3":10,"4":5,"5":5,"6":6},"b":{"0":[1,9],"1":[2,4]}}
,"/Users/licop/Documents/GitHub/ts-request/src/core/Axios.ts": {"path":"/Users/licop/Documents/GitHub/ts-request/src/core/Axios.ts","statementMap":{"0":{"start":{"line":9,"column":0},"end":{"line":9,"column":65}},"1":{"start":{"line":10,"column":0},"end":{"line":10,"column":53}},"2":{"start":{"line":11,"column":0},"end":{"line":11,"column":39}},"3":{"start":{"line":23,"column":0},"end":{"line":23,"column":null}},"4":{"start":{"line":28,"column":4},"end":{"line":28,"column":null}},"5":{"start":{"line":29,"column":4},"end":{"line":32,"column":null}},"6":{"start":{"line":35,"column":2},"end":{"line":70,"column":null}},"7":{"start":{"line":36,"column":4},"end":{"line":43,"column":null}},"8":{"start":{"line":37,"column":6},"end":{"line":39,"column":null}},"9":{"start":{"line":38,"column":8},"end":{"line":38,"column":null}},"10":{"start":{"line":40,"column":6},"end":{"line":40,"column":null}},"11":{"start":{"line":42,"column":6},"end":{"line":42,"column":null}},"12":{"start":{"line":45,"column":4},"end":{"line":45,"column":null}},"13":{"start":{"line":46,"column":4},"end":{"line":46,"column":null}},"14":{"start":{"line":48,"column":39},"end":{"line":53,"column":null}},"15":{"start":{"line":55,"column":4},"end":{"line":57,"column":null}},"16":{"start":{"line":56,"column":6},"end":{"line":56,"column":null}},"17":{"start":{"line":59,"column":4},"end":{"line":61,"column":null}},"18":{"start":{"line":60,"column":6},"end":{"line":60,"column":null}},"19":{"start":{"line":63,"column":18},"end":{"line":63,"column":41}},"20":{"start":{"line":64,"column":4},"end":{"line":67,"column":null}},"21":{"start":{"line":65,"column":37},"end":{"line":65,"column":51}},"22":{"start":{"line":65,"column":22},"end":{"line":65,"column":24}},"23":{"start":{"line":65,"column":32},"end":{"line":65,"column":37}},"24":{"start":{"line":66,"column":6},"end":{"line":66,"column":null}},"25":{"start":{"line":69,"column":4},"end":{"line":69,"column":null}},"26":{"start":{"line":72,"column":2},"end":{"line":74,"column":null}},"27":{"start":{"line":73,"column":4},"end":{"line":73,"column":null}},"28":{"start":{"line":75,"column":2},"end":{"line":77,"column":null}},"29":{"start":{"line":76,"column":4},"end":{"line":76,"column":null}},"30":{"start":{"line":78,"column":2},"end":{"line":80,"column":null}},"31":{"start":{"line":79,"column":4},"end":{"line":79,"column":null}},"32":{"start":{"line":81,"column":2},"end":{"line":83,"column":null}},"33":{"start":{"line":82,"column":4},"end":{"line":82,"column":null}},"34":{"start":{"line":85,"column":2},"end":{"line":87,"column":null}},"35":{"start":{"line":86,"column":4},"end":{"line":86,"column":null}},"36":{"start":{"line":88,"column":2},"end":{"line":90,"column":null}},"37":{"start":{"line":89,"column":4},"end":{"line":89,"column":null}},"38":{"start":{"line":91,"column":2},"end":{"line":93,"column":null}},"39":{"start":{"line":92,"column":4},"end":{"line":92,"column":null}},"40":{"start":{"line":94,"column":2},"end":{"line":97,"column":null}},"41":{"start":{"line":95,"column":4},"end":{"line":95,"column":null}},"42":{"start":{"line":96,"column":4},"end":{"line":96,"column":null}},"43":{"start":{"line":99,"column":2},"end":{"line":110,"column":null}},"44":{"start":{"line":104,"column":4},"end":{"line":109,"column":null}},"45":{"start":{"line":111,"column":2},"end":{"line":124,"column":null}},"46":{"start":{"line":117,"column":4},"end":{"line":123,"column":null}},"47":{"start":{"line":125,"column":0},"end":{"line":125,"column":null}}},"fnMap":{"0":{"name":"(anonymous_0)","decl":{"start":{"line":23,"column":0},"end":{"line":23,"column":null}},"loc":{"start":{"line":23,"column":0},"end":{"line":125,"column":null}}},"1":{"name":"Axios","decl":{"start":{"line":27,"column":2},"end":{"line":27,"column":14}},"loc":{"start":{"line":27,"column":44},"end":{"line":33,"column":3}}},"2":{"name":"(anonymous_2)","decl":{"start":{"line":35,"column":2},"end":{"line":35,"column":9}},"loc":{"start":{"line":35,"column":32},"end":{"line":70,"column":3}}},"3":{"name":"(anonymous_3)","decl":{"start":{"line":55,"column":38},"end":{"line":55,"column":49}},"loc":{"start":{"line":55,"column":49},"end":{"line":57,"column":5}}},"4":{"name":"(anonymous_4)","decl":{"start":{"line":59,"column":39},"end":{"line":59,"column":50}},"loc":{"start":{"line":59,"column":50},"end":{"line":61,"column":5}}},"5":{"name":"(anonymous_5)","decl":{"start":{"line":72,"column":2},"end":{"line":72,"column":5}},"loc":{"start":{"line":72,"column":46},"end":{"line":74,"column":3}}},"6":{"name":"(anonymous_6)","decl":{"start":{"line":75,"column":2},"end":{"line":75,"column":8}},"loc":{"start":{"line":75,"column":49},"end":{"line":77,"column":3}}},"7":{"name":"(anonymous_7)","decl":{"start":{"line":78,"column":2},"end":{"line":78,"column":6}},"loc":{"start":{"line":78,"column":47},"end":{"line":80,"column":3}}},"8":{"name":"(anonymous_8)","decl":{"start":{"line":81,"column":2},"end":{"line":81,"column":9}},"loc":{"start":{"line":81,"column":50},"end":{"line":83,"column":3}}},"9":{"name":"(anonymous_9)","decl":{"start":{"line":85,"column":2},"end":{"line":85,"column":6}},"loc":{"start":{"line":85,"column":59},"end":{"line":87,"column":3}}},"10":{"name":"(anonymous_10)","decl":{"start":{"line":88,"column":2},"end":{"line":88,"column":5}},"loc":{"start":{"line":88,"column":58},"end":{"line":90,"column":3}}},"11":{"name":"(anonymous_11)","decl":{"start":{"line":91,"column":2},"end":{"line":91,"column":7}},"loc":{"start":{"line":91,"column":60},"end":{"line":93,"column":3}}},"12":{"name":"(anonymous_12)","decl":{"start":{"line":94,"column":2},"end":{"line":94,"column":8}},"loc":{"start":{"line":94,"column":36},"end":{"line":97,"column":3}}},"13":{"name":"(anonymous_13)","decl":{"start":{"line":99,"column":2},"end":{"line":99,"column":27}},"loc":{"start":{"line":102,"column":31},"end":{"line":110,"column":3}}},"14":{"name":"(anonymous_14)","decl":{"start":{"line":111,"column":2},"end":{"line":111,"column":24}},"loc":{"start":{"line":115,"column":31},"end":{"line":124,"column":3}}}},"branchMap":{"0":{"loc":{"start":{"line":36,"column":4},"end":{"line":43,"column":null}},"type":"if","locations":[{"start":{"line":36,"column":4},"end":{"line":43,"column":null}},{"start":{"line":36,"column":4},"end":{"line":43,"column":null}}]},"1":{"loc":{"start":{"line":37,"column":6},"end":{"line":39,"column":null}},"type":"if","locations":[{"start":{"line":37,"column":6},"end":{"line":39,"column":null}},{"start":{"line":37,"column":6},"end":{"line":39,"column":null}}]},"2":{"loc":{"start":{"line":105,"column":20},"end":{"line":105,"column":26}},"type":"binary-expr","locations":[{"start":{"line":105,"column":20},"end":{"line":105,"column":26}},{"start":{"line":105,"column":30},"end":{"line":105,"column":32}}]},"3":{"loc":{"start":{"line":118,"column":20},"end":{"line":118,"column":26}},"type":"binary-expr","locations":[{"start":{"line":118,"column":20},"end":{"line":118,"column":26}},{"start":{"line":118,"column":30},"end":{"line":118,"column":32}}]}},"s":{"0":12,"1":12,"2":12,"3":12,"4":36,"5":36,"6":12,"7":61,"8":31,"9":19,"10":31,"11":30,"12":61,"13":61,"14":61,"15":61,"16":7,"17":61,"18":8,"19":61,"20":61,"21":76,"22":76,"23":76,"24":76,"25":61,"26":12,"27":12,"28":12,"29":1,"30":12,"31":1,"32":12,"33":1,"34":12,"35":12,"36":12,"37":1,"38":12,"39":1,"40":12,"41":1,"42":1,"43":12,"44":15,"45":12,"46":14,"47":12},"f":{"0":12,"1":36,"2":61,"3":7,"4":8,"5":12,"6":1,"7":1,"8":1,"9":12,"10":1,"11":1,"12":1,"13":15,"14":14},"b":{"0":[31,30],"1":[19,12],"2":[15,10],"3":[14,11]}}
,"/Users/licop/Documents/GitHub/ts-request/src/core/InterceptorManager.ts": {"path":"/Users/licop/Documents/GitHub/ts-request/src/core/InterceptorManager.ts","statementMap":{"0":{"start":{"line":12,"column":0},"end":{"line":12,"column":null}},"1":{"start":{"line":16,"column":4},"end":{"line":16,"column":null}},"2":{"start":{"line":19,"column":2},"end":{"line":25,"column":null}},"3":{"start":{"line":20,"column":4},"end":{"line":23,"column":null}},"4":{"start":{"line":24,"column":4},"end":{"line":24,"column":null}},"5":{"start":{"line":27,"column":2},"end":{"line":33,"column":null}},"6":{"start":{"line":28,"column":4},"end":{"line":32,"column":null}},"7":{"start":{"line":29,"column":6},"end":{"line":31,"column":null}},"8":{"start":{"line":30,"column":8},"end":{"line":30,"column":null}},"9":{"start":{"line":35,"column":2},"end":{"line":39,"column":null}},"10":{"start":{"line":36,"column":4},"end":{"line":38,"column":null}},"11":{"start":{"line":37,"column":6},"end":{"line":37,"column":null}},"12":{"start":{"line":40,"column":0},"end":{"line":40,"column":null}}},"fnMap":{"0":{"name":"(anonymous_0)","decl":{"start":{"line":12,"column":0},"end":{"line":12,"column":null}},"loc":{"start":{"line":12,"column":0},"end":{"line":40,"column":null}}},"1":{"name":"InterceptorManager","decl":{"start":{"line":15,"column":2},"end":{"line":15,"column":null}},"loc":{"start":{"line":15,"column":2},"end":{"line":17,"column":3}}},"2":{"name":"(anonymous_2)","decl":{"start":{"line":19,"column":2},"end":{"line":19,"column":5}},"loc":{"start":{"line":19,"column":52},"end":{"line":25,"column":3}}},"3":{"name":"(anonymous_3)","decl":{"start":{"line":27,"column":2},"end":{"line":27,"column":9}},"loc":{"start":{"line":27,"column":52},"end":{"line":33,"column":3}}},"4":{"name":"(anonymous_4)","decl":{"start":{"line":28,"column":30},"end":{"line":28,"column":41}},"loc":{"start":{"line":28,"column":41},"end":{"line":32,"column":5}}},"5":{"name":"(anonymous_5)","decl":{"start":{"line":35,"column":2},"end":{"line":35,"column":7}},"loc":{"start":{"line":35,"column":18},"end":{"line":39,"column":3}}}},"branchMap":{"0":{"loc":{"start":{"line":29,"column":6},"end":{"line":31,"column":null}},"type":"if","locations":[{"start":{"line":29,"column":6},"end":{"line":31,"column":null}},{"start":{"line":29,"column":6},"end":{"line":31,"column":null}}]},"1":{"loc":{"start":{"line":36,"column":4},"end":{"line":38,"column":null}},"type":"if","locations":[{"start":{"line":36,"column":4},"end":{"line":38,"column":null}},{"start":{"line":36,"column":4},"end":{"line":38,"column":null}}]}},"s":{"0":12,"1":72,"2":12,"3":17,"4":17,"5":12,"6":122,"7":16,"8":15,"9":12,"10":2,"11":1,"12":12},"f":{"0":12,"1":72,"2":17,"3":122,"4":16,"5":2},"b":{"0":[15,1],"1":[1,1]}}
,"/Users/licop/Documents/GitHub/ts-request/src/core/dispatchRequest.ts": {"path":"/Users/licop/Documents/GitHub/ts-request/src/core/dispatchRequest.ts","statementMap":{"0":{"start":{"line":1,"column":0},"end":{"line":1,"column":68}},"1":{"start":{"line":8,"column":0},"end":{"line":8,"column":51}},"2":{"start":{"line":9,"column":0},"end":{"line":9,"column":23}},"3":{"start":{"line":10,"column":0},"end":{"line":10,"column":35}},"4":{"start":{"line":15,"column":2},"end":{"line":15,"column":null}},"5":{"start":{"line":16,"column":2},"end":{"line":16,"column":null}},"6":{"start":{"line":17,"column":2},"end":{"line":27,"column":null}},"7":{"start":{"line":19,"column":6},"end":{"line":19,"column":null}},"8":{"start":{"line":22,"column":6},"end":{"line":24,"column":null}},"9":{"start":{"line":23,"column":8},"end":{"line":23,"column":null}},"10":{"start":{"line":25,"column":6},"end":{"line":25,"column":null}},"11":{"start":{"line":12,"column":0},"end":{"line":12,"column":24}},"12":{"start":{"line":31,"column":2},"end":{"line":31,"column":null}},"13":{"start":{"line":32,"column":2},"end":{"line":32,"column":null}},"14":{"start":{"line":33,"column":2},"end":{"line":33,"column":null}},"15":{"start":{"line":37,"column":51},"end":{"line":37,"column":null}},"16":{"start":{"line":38,"column":2},"end":{"line":40,"column":null}},"17":{"start":{"line":39,"column":4},"end":{"line":39,"column":null}},"18":{"start":{"line":42,"column":2},"end":{"line":42,"column":null}},"19":{"start":{"line":36,"column":0},"end":{"line":36,"column":16}},"20":{"start":{"line":46,"column":2},"end":{"line":46,"column":null}},"21":{"start":{"line":47,"column":2},"end":{"line":47,"column":null}},"22":{"start":{"line":51,"column":2},"end":{"line":53,"column":null}},"23":{"start":{"line":52,"column":4},"end":{"line":52,"column":null}}},"fnMap":{"0":{"name":"dispatchRequest","decl":{"start":{"line":12,"column":24},"end":{"line":12,"column":39}},"loc":{"start":{"line":13,"column":28},"end":{"line":28,"column":1}}},"1":{"name":"(anonymous_1)","decl":{"start":{"line":18,"column":4},"end":{"line":18,"column":7}},"loc":{"start":{"line":18,"column":7},"end":{"line":20,"column":5}}},"2":{"name":"(anonymous_2)","decl":{"start":{"line":21,"column":4},"end":{"line":21,"column":5}},"loc":{"start":{"line":21,"column":5},"end":{"line":26,"column":5}}},"3":{"name":"processConfig","decl":{"start":{"line":30,"column":9},"end":{"line":30,"column":22}},"loc":{"start":{"line":30,"column":49},"end":{"line":34,"column":1}}},"4":{"name":"transformURL","decl":{"start":{"line":36,"column":16},"end":{"line":36,"column":28}},"loc":{"start":{"line":36,"column":55},"end":{"line":43,"column":1}}},"5":{"name":"transformResponseData","decl":{"start":{"line":45,"column":9},"end":{"line":45,"column":30}},"loc":{"start":{"line":45,"column":49},"end":{"line":48,"column":1}}},"6":{"name":"throwIfCancellationRequested","decl":{"start":{"line":50,"column":9},"end":{"line":50,"column":37}},"loc":{"start":{"line":50,"column":64},"end":{"line":54,"column":1}}}},"branchMap":{"0":{"loc":{"start":{"line":22,"column":6},"end":{"line":24,"column":null}},"type":"if","locations":[{"start":{"line":22,"column":6},"end":{"line":24,"column":null}},{"start":{"line":22,"column":6},"end":{"line":24,"column":null}}]},"1":{"loc":{"start":{"line":22,"column":10},"end":{"line":22,"column":11}},"type":"binary-expr","locations":[{"start":{"line":22,"column":10},"end":{"line":22,"column":11}},{"start":{"line":22,"column":15},"end":{"line":22,"column":25}}]},"2":{"loc":{"start":{"line":38,"column":2},"end":{"line":40,"column":null}},"type":"if","locations":[{"start":{"line":38,"column":2},"end":{"line":40,"column":null}},{"start":{"line":38,"column":2},"end":{"line":40,"column":null}}]},"3":{"loc":{"start":{"line":38,"column":6},"end":{"line":38,"column":13}},"type":"binary-expr","locations":[{"start":{"line":38,"column":6},"end":{"line":38,"column":13}},{"start":{"line":38,"column":17},"end":{"line":38,"column":37}}]},"4":{"loc":{"start":{"line":51,"column":2},"end":{"line":53,"column":null}},"type":"if","locations":[{"start":{"line":51,"column":2},"end":{"line":53,"column":null}},{"start":{"line":51,"column":2},"end":{"line":53,"column":null}}]}},"s":{"0":12,"1":12,"2":12,"3":12,"4":61,"5":60,"6":60,"7":13,"8":7,"9":2,"10":7,"11":12,"12":60,"13":60,"14":60,"15":244,"16":61,"17":4,"18":61,"19":12,"20":15,"21":15,"22":61,"23":4},"f":{"0":61,"1":13,"2":7,"3":60,"4":61,"5":15,"6":61},"b":{"0":[2,5],"1":[7,7],"2":[4,57],"3":[61,4],"4":[4,57]}}
,"/Users/licop/Documents/GitHub/ts-request/src/core/mergeConfig.ts": {"path":"/Users/licop/Documents/GitHub/ts-request/src/core/mergeConfig.ts","statementMap":{"0":{"start":{"line":1,"column":0},"end":{"line":1,"column":58}},"1":{"start":{"line":4,"column":15},"end":{"line":4,"column":34}},"2":{"start":{"line":8,"column":2},"end":{"line":8,"column":null}},"3":{"start":{"line":12,"column":2},"end":{"line":14,"column":null}},"4":{"start":{"line":13,"column":4},"end":{"line":13,"column":null}},"5":{"start":{"line":18,"column":2},"end":{"line":26,"column":null}},"6":{"start":{"line":19,"column":4},"end":{"line":19,"column":null}},"7":{"start":{"line":20,"column":9},"end":{"line":26,"column":null}},"8":{"start":{"line":21,"column":4},"end":{"line":21,"column":null}},"9":{"start":{"line":22,"column":9},"end":{"line":26,"column":null}},"10":{"start":{"line":23,"column":4},"end":{"line":23,"column":null}},"11":{"start":{"line":25,"column":4},"end":{"line":25,"column":null}},"12":{"start":{"line":29,"column":26},"end":{"line":29,"column":51}},"13":{"start":{"line":30,"column":27},"end":{"line":30,"column":46}},"14":{"start":{"line":32,"column":0},"end":{"line":34,"column":null}},"15":{"start":{"line":33,"column":2},"end":{"line":33,"column":null}},"16":{"start":{"line":36,"column":0},"end":{"line":38,"column":null}},"17":{"start":{"line":37,"column":2},"end":{"line":37,"column":null}},"18":{"start":{"line":44,"column":2},"end":{"line":46,"column":null}},"19":{"start":{"line":45,"column":4},"end":{"line":45,"column":null}},"20":{"start":{"line":47,"column":17},"end":{"line":47,"column":36}},"21":{"start":{"line":48,"column":2},"end":{"line":50,"column":null}},"22":{"start":{"line":49,"column":4},"end":{"line":49,"column":null}},"23":{"start":{"line":52,"column":2},"end":{"line":56,"column":null}},"24":{"start":{"line":53,"column":4},"end":{"line":55,"column":null}},"25":{"start":{"line":54,"column":6},"end":{"line":54,"column":null}},"26":{"start":{"line":59,"column":18},"end":{"line":59,"column":45}},"27":{"start":{"line":60,"column":4},"end":{"line":60,"column":null}},"28":{"start":{"line":63,"column":2},"end":{"line":63,"column":null}},"29":{"start":{"line":40,"column":0},"end":{"line":40,"column":24}}},"fnMap":{"0":{"name":"defaultStrat","decl":{"start":{"line":7,"column":9},"end":{"line":7,"column":21}},"loc":{"start":{"line":7,"column":42},"end":{"line":9,"column":1}}},"1":{"name":"fromVal2Strat","decl":{"start":{"line":11,"column":9},"end":{"line":11,"column":22}},"loc":{"start":{"line":11,"column":43},"end":{"line":15,"column":1}}},"2":{"name":"deepMergeStrat","decl":{"start":{"line":17,"column":9},"end":{"line":17,"column":23}},"loc":{"start":{"line":17,"column":44},"end":{"line":27,"column":1}}},"3":{"name":"(anonymous_3)","decl":{"start":{"line":32,"column":26},"end":{"line":32,"column":29}},"loc":{"start":{"line":32,"column":29},"end":{"line":34,"column":1}}},"4":{"name":"(anonymous_4)","decl":{"start":{"line":36,"column":27},"end":{"line":36,"column":30}},"loc":{"start":{"line":36,"column":30},"end":{"line":38,"column":1}}},"5":{"name":"mergeConfig","decl":{"start":{"line":40,"column":24},"end":{"line":40,"column":35}},"loc":{"start":{"line":42,"column":30},"end":{"line":64,"column":1}}},"6":{"name":"mergeField","decl":{"start":{"line":58,"column":11},"end":{"line":58,"column":21}},"loc":{"start":{"line":58,"column":33},"end":{"line":61,"column":3}}}},"branchMap":{"0":{"loc":{"start":{"line":8,"column":39},"end":{"line":8,"column":43}},"type":"cond-expr","locations":[{"start":{"line":8,"column":39},"end":{"line":8,"column":43}},{"start":{"line":8,"column":46},"end":{"line":8,"column":50}}]},"1":{"loc":{"start":{"line":12,"column":2},"end":{"line":14,"column":null}},"type":"if","locations":[{"start":{"line":12,"column":2},"end":{"line":14,"column":null}},{"start":{"line":12,"column":2},"end":{"line":14,"column":null}}]},"2":{"loc":{"start":{"line":18,"column":2},"end":{"line":26,"column":null}},"type":"if","locations":[{"start":{"line":18,"column":2},"end":{"line":26,"column":null}},{"start":{"line":18,"column":2},"end":{"line":26,"column":null}}]},"3":{"loc":{"start":{"line":20,"column":9},"end":{"line":26,"column":null}},"type":"if","locations":[{"start":{"line":20,"column":9},"end":{"line":26,"column":null}},{"start":{"line":20,"column":9},"end":{"line":26,"column":null}}]},"4":{"loc":{"start":{"line":22,"column":9},"end":{"line":26,"column":null}},"type":"if","locations":[{"start":{"line":22,"column":9},"end":{"line":26,"column":null}},{"start":{"line":22,"column":9},"end":{"line":26,"column":null}}]},"5":{"loc":{"start":{"line":44,"column":2},"end":{"line":46,"column":null}},"type":"if","locations":[{"start":{"line":44,"column":2},"end":{"line":46,"column":null}},{"start":{"line":44,"column":2},"end":{"line":46,"column":null}}]},"6":{"loc":{"start":{"line":53,"column":4},"end":{"line":55,"column":null}},"type":"if","locations":[{"start":{"line":53,"column":4},"end":{"line":55,"column":null}},{"start":{"line":53,"column":4},"end":{"line":55,"column":null}}]},"7":{"loc":{"start":{"line":59,"column":18},"end":{"line":59,"column":29}},"type":"binary-expr","locations":[{"start":{"line":59,"column":18},"end":{"line":59,"column":29}},{"start":{"line":59,"column":33},"end":{"line":59,"column":45}}]}},"s":{"0":12,"1":12,"2":650,"3":83,"4":75,"5":100,"6":11,"7":89,"8":2,"9":87,"10":86,"11":1,"12":12,"13":12,"14":12,"15":36,"16":12,"17":24,"18":96,"19":22,"20":96,"21":96,"22":145,"23":96,"24":738,"25":688,"26":833,"27":833,"28":96,"29":12},"f":{"0":650,"1":83,"2":100,"3":36,"4":24,"5":96,"6":833},"b":{"0":[53,597],"1":[75,8],"2":[11,89],"3":[2,87],"4":[86,1],"5":[22,74],"6":[688,50],"7":[833,650]}}
,"/Users/licop/Documents/GitHub/ts-request/src/core/transform.ts": {"path":"/Users/licop/Documents/GitHub/ts-request/src/core/transform.ts","statementMap":{"0":{"start":{"line":8,"column":2},"end":{"line":10,"column":null}},"1":{"start":{"line":9,"column":4},"end":{"line":9,"column":null}},"2":{"start":{"line":11,"column":2},"end":{"line":13,"column":null}},"3":{"start":{"line":12,"column":4},"end":{"line":12,"column":null}},"4":{"start":{"line":14,"column":2},"end":{"line":16,"column":null}},"5":{"start":{"line":15,"column":4},"end":{"line":15,"column":null}},"6":{"start":{"line":17,"column":2},"end":{"line":17,"column":null}},"7":{"start":{"line":3,"column":0},"end":{"line":3,"column":24}}},"fnMap":{"0":{"name":"transform","decl":{"start":{"line":3,"column":24},"end":{"line":3,"column":33}},"loc":{"start":{"line":6,"column":45},"end":{"line":18,"column":1}}},"1":{"name":"(anonymous_1)","decl":{"start":{"line":14,"column":14},"end":{"line":14,"column":16}},"loc":{"start":{"line":14,"column":16},"end":{"line":16,"column":3}}}},"branchMap":{"0":{"loc":{"start":{"line":8,"column":2},"end":{"line":10,"column":null}},"type":"if","locations":[{"start":{"line":8,"column":2},"end":{"line":10,"column":null}},{"start":{"line":8,"column":2},"end":{"line":10,"column":null}}]},"1":{"loc":{"start":{"line":11,"column":2},"end":{"line":13,"column":null}},"type":"if","locations":[{"start":{"line":11,"column":2},"end":{"line":13,"column":null}},{"start":{"line":11,"column":2},"end":{"line":13,"column":null}}]}},"s":{"0":75,"1":1,"2":74,"3":2,"4":74,"5":75,"6":74,"7":12},"f":{"0":75,"1":75},"b":{"0":[1,74],"1":[2,72]}}
,"/Users/licop/Documents/GitHub/ts-request/src/core/xhr.ts": {"path":"/Users/licop/Documents/GitHub/ts-request/src/core/xhr.ts","statementMap":{"0":{"start":{"line":2,"column":0},"end":{"line":2,"column":49}},"1":{"start":{"line":3,"column":0},"end":{"line":3,"column":46}},"2":{"start":{"line":4,"column":0},"end":{"line":4,"column":48}},"3":{"start":{"line":5,"column":0},"end":{"line":5,"column":44}},"4":{"start":{"line":6,"column":0},"end":{"line":6,"column":38}},"5":{"start":{"line":9,"column":2},"end":{"line":161,"column":null}},"6":{"start":{"line":27,"column":8},"end":{"line":27,"column":null}},"7":{"start":{"line":11,"column":10},"end":{"line":11,"column":null}},"8":{"start":{"line":13,"column":12},"end":{"line":13,"column":null}},"9":{"start":{"line":14,"column":13},"end":{"line":14,"column":null}},"10":{"start":{"line":29,"column":20},"end":{"line":29,"column":40}},"11":{"start":{"line":30,"column":4},"end":{"line":30,"column":null}},"12":{"start":{"line":32,"column":4},"end":{"line":32,"column":null}},"13":{"start":{"line":33,"column":4},"end":{"line":33,"column":null}},"14":{"start":{"line":34,"column":4},"end":{"line":34,"column":null}},"15":{"start":{"line":35,"column":4},"end":{"line":35,"column":null}},"16":{"start":{"line":36,"column":4},"end":{"line":36,"column":null}},"17":{"start":{"line":39,"column":6},"end":{"line":41,"column":null}},"18":{"start":{"line":40,"column":8},"end":{"line":40,"column":null}},"19":{"start":{"line":42,"column":6},"end":{"line":44,"column":null}},"20":{"start":{"line":43,"column":8},"end":{"line":43,"column":null}},"21":{"start":{"line":46,"column":6},"end":{"line":48,"column":null}},"22":{"start":{"line":47,"column":8},"end":{"line":47,"column":null}},"23":{"start":{"line":52,"column":6},"end":{"line":76,"column":null}},"24":{"start":{"line":53,"column":8},"end":{"line":55,"column":null}},"25":{"start":{"line":54,"column":10},"end":{"line":54,"column":16}},"26":{"start":{"line":56,"column":8},"end":{"line":58,"column":null}},"27":{"start":{"line":57,"column":10},"end":{"line":57,"column":16}},"28":{"start":{"line":60,"column":32},"end":{"line":60,"column":77}},"29":{"start":{"line":63,"column":10},"end":{"line":65,"column":34}},"30":{"start":{"line":67,"column":40},"end":{"line":74,"column":null}},"31":{"start":{"line":75,"column":8},"end":{"line":75,"column":null}},"32":{"start":{"line":79,"column":6},"end":{"line":81,"column":null}},"33":{"start":{"line":80,"column":8},"end":{"line":80,"column":null}},"34":{"start":{"line":83,"column":6},"end":{"line":92,"column":null}},"35":{"start":{"line":84,"column":8},"end":{"line":91,"column":null}},"36":{"start":{"line":94,"column":6},"end":{"line":96,"column":null}},"37":{"start":{"line":95,"column":8},"end":{"line":95,"column":null}},"38":{"start":{"line":98,"column":6},"end":{"line":100,"column":null}},"39":{"start":{"line":99,"column":8},"end":{"line":99,"column":null}},"40":{"start":{"line":104,"column":6},"end":{"line":106,"column":null}},"41":{"start":{"line":105,"column":8},"end":{"line":105,"column":null}},"42":{"start":{"line":108,"column":6},"end":{"line":113,"column":null}},"43":{"start":{"line":109,"column":26},"end":{"line":109,"column":53}},"44":{"start":{"line":110,"column":8},"end":{"line":112,"column":null}},"45":{"start":{"line":111,"column":10},"end":{"line":111,"column":null}},"46":{"start":{"line":116,"column":6},"end":{"line":119,"column":null}},"47":{"start":{"line":117,"column":8},"end":{"line":118,"column":null}},"48":{"start":{"line":121,"column":6},"end":{"line":127,"column":null}},"49":{"start":{"line":122,"column":8},"end":{"line":126,"column":null}},"50":{"start":{"line":123,"column":10},"end":{"line":123,"column":null}},"51":{"start":{"line":125,"column":10},"end":{"line":125,"column":null}},"52":{"start":{"line":131,"column":6},"end":{"line":143,"column":null}},"53":{"start":{"line":132,"column":8},"end":{"line":142,"column":null}},"54":{"start":{"line":134,"column":12},"end":{"line":134,"column":null}},"55":{"start":{"line":135,"column":12},"end":{"line":135,"column":null}},"56":{"start":{"line":147,"column":6},"end":{"line":159,"column":null}},"57":{"start":{"line":148,"column":8},"end":{"line":148,"column":null}},"58":{"start":{"line":150,"column":8},"end":{"line":158,"column":null}},"59":{"start":{"line":8,"column":0},"end":{"line":8,"column":24}}},"fnMap":{"0":{"name":"xhr","decl":{"start":{"line":8,"column":24},"end":{"line":8,"column":27}},"loc":{"start":{"line":8,"column":54},"end":{"line":162,"column":1}}},"1":{"name":"(anonymous_1)","decl":{"start":{"line":9,"column":21},"end":{"line":9,"column":22}},"loc":{"start":{"line":9,"column":37},"end":{"line":161,"column":3}}},"2":{"name":"configureRequest","decl":{"start":{"line":38,"column":13},"end":{"line":38,"column":29}},"loc":{"start":{"line":38,"column":29},"end":{"line":49,"column":5}}},"3":{"name":"addEvent","decl":{"start":{"line":51,"column":13},"end":{"line":51,"column":21}},"loc":{"start":{"line":51,"column":21},"end":{"line":101,"column":5}}},"4":{"name":"handleLoad","decl":{"start":{"line":52,"column":44},"end":{"line":52,"column":54}},"loc":{"start":{"line":52,"column":54},"end":{"line":76,"column":7}}},"5":{"name":"handleError","decl":{"start":{"line":79,"column":33},"end":{"line":79,"column":44}},"loc":{"start":{"line":79,"column":44},"end":{"line":81,"column":7}}},"6":{"name":"handleTimeout","decl":{"start":{"line":83,"column":35},"end":{"line":83,"column":48}},"loc":{"start":{"line":83,"column":48},"end":{"line":92,"column":7}}},"7":{"name":"processHeaders","decl":{"start":{"line":103,"column":13},"end":{"line":103,"column":27}},"loc":{"start":{"line":103,"column":27},"end":{"line":128,"column":5}}},"8":{"name":"(anonymous_8)","decl":{"start":{"line":121,"column":35},"end":{"line":121,"column":39}},"loc":{"start":{"line":121,"column":39},"end":{"line":127,"column":7}}},"9":{"name":"processCancel","decl":{"start":{"line":130,"column":13},"end":{"line":130,"column":26}},"loc":{"start":{"line":130,"column":26},"end":{"line":144,"column":5}}},"10":{"name":"(anonymous_10)","decl":{"start":{"line":133,"column":16},"end":{"line":133,"column":22}},"loc":{"start":{"line":133,"column":22},"end":{"line":136,"column":11}}},"11":{"name":"handleResponse","decl":{"start":{"line":146,"column":13},"end":{"line":146,"column":27}},"loc":{"start":{"line":146,"column":51},"end":{"line":160,"column":5}}}},"branchMap":{"0":{"loc":{"start":{"line":11,"column":13},"end":{"line":11,"column":17}},"type":"cond-expr","locations":[{"start":{"line":11,"column":13},"end":{"line":11,"column":17}},{"start":{"line":11,"column":17},"end":{"line":11,"column":null}}]},"1":{"loc":{"start":{"line":13,"column":15},"end":{"line":13,"column":20}},"type":"cond-expr","locations":[{"start":{"line":13,"column":15},"end":{"line":13,"column":20}},{"start":{"line":13,"column":20},"end":{"line":13,"column":null}}]},"2":{"loc":{"start":{"line":14,"column":16},"end":{"line":14,"column":18}},"type":"cond-expr","locations":[{"start":{"line":14,"column":16},"end":{"line":14,"column":18}},{"start":{"line":14,"column":18},"end":{"line":14,"column":null}}]},"3":{"loc":{"start":{"line":39,"column":6},"end":{"line":41,"column":null}},"type":"if","locations":[{"start":{"line":39,"column":6},"end":{"line":41,"column":null}},{"start":{"line":39,"column":6},"end":{"line":41,"column":null}}]},"4":{"loc":{"start":{"line":42,"column":6},"end":{"line":44,"column":null}},"type":"if","locations":[{"start":{"line":42,"column":6},"end":{"line":44,"column":null}},{"start":{"line":42,"column":6},"end":{"line":44,"column":null}}]},"5":{"loc":{"start":{"line":46,"column":6},"end":{"line":48,"column":null}},"type":"if","locations":[{"start":{"line":46,"column":6},"end":{"line":48,"column":null}},{"start":{"line":46,"column":6},"end":{"line":48,"column":null}}]},"6":{"loc":{"start":{"line":53,"column":8},"end":{"line":55,"column":null}},"type":"if","locations":[{"start":{"line":53,"column":8},"end":{"line":55,"column":null}},{"start":{"line":53,"column":8},"end":{"line":55,"column":null}}]},"7":{"loc":{"start":{"line":56,"column":8},"end":{"line":58,"column":null}},"type":"if","locations":[{"start":{"line":56,"column":8},"end":{"line":58,"column":null}},{"start":{"line":56,"column":8},"end":{"line":58,"column":null}}]},"8":{"loc":{"start":{"line":64,"column":14},"end":{"line":64,"column":30}},"type":"cond-expr","locations":[{"start":{"line":64,"column":14},"end":{"line":64,"column":30}},{"start":{"line":65,"column":14},"end":{"line":65,"column":34}}]},"9":{"loc":{"start":{"line":63,"column":10},"end":{"line":63,"column":22}},"type":"binary-expr","locations":[{"start":{"line":63,"column":10},"end":{"line":63,"column":22}},{"start":{"line":63,"column":26},"end":{"line":63,"column":49}}]},"10":{"loc":{"start":{"line":94,"column":6},"end":{"line":96,"column":null}},"type":"if","locations":[{"start":{"line":94,"column":6},"end":{"line":96,"column":null}},{"start":{"line":94,"column":6},"end":{"line":96,"column":null}}]},"11":{"loc":{"start":{"line":98,"column":6},"end":{"line":100,"column":null}},"type":"if","locations":[{"start":{"line":98,"column":6},"end":{"line":100,"column":null}},{"start":{"line":98,"column":6},"end":{"line":100,"column":null}}]},"12":{"loc":{"start":{"line":104,"column":6},"end":{"line":106,"column":null}},"type":"if","locations":[{"start":{"line":104,"column":6},"end":{"line":106,"column":null}},{"start":{"line":104,"column":6},"end":{"line":106,"column":null}}]},"13":{"loc":{"start":{"line":108,"column":6},"end":{"line":113,"column":null}},"type":"if","locations":[{"start":{"line":108,"column":6},"end":{"line":113,"column":null}},{"start":{"line":108,"column":6},"end":{"line":113,"column":null}}]},"14":{"loc":{"start":{"line":108,"column":11},"end":{"line":108,"column":26}},"type":"binary-expr","locations":[{"start":{"line":108,"column":11},"end":{"line":108,"column":26}},{"start":{"line":108,"column":30},"end":{"line":108,"column":51}},{"start":{"line":108,"column":56},"end":{"line":108,"column":70}}]},"15":{"loc":{"start":{"line":110,"column":8},"end":{"line":112,"column":null}},"type":"if","locations":[{"start":{"line":110,"column":8},"end":{"line":112,"column":null}},{"start":{"line":110,"column":8},"end":{"line":112,"column":null}}]},"16":{"loc":{"start":{"line":110,"column":12},"end":{"line":110,"column":21}},"type":"binary-expr","locations":[{"start":{"line":110,"column":12},"end":{"line":110,"column":21}},{"start":{"line":110,"column":25},"end":{"line":110,"column":39}}]},"17":{"loc":{"start":{"line":116,"column":6},"end":{"line":119,"column":null}},"type":"if","locations":[{"start":{"line":116,"column":6},"end":{"line":119,"column":null}},{"start":{"line":116,"column":6},"end":{"line":119,"column":null}}]},"18":{"loc":{"start":{"line":122,"column":8},"end":{"line":126,"column":null}},"type":"if","locations":[{"start":{"line":122,"column":8},"end":{"line":126,"column":null}},{"start":{"line":122,"column":8},"end":{"line":126,"column":null}}]},"19":{"loc":{"start":{"line":122,"column":12},"end":{"line":122,"column":25}},"type":"binary-expr","locations":[{"start":{"line":122,"column":12},"end":{"line":122,"column":25}},{"start":{"line":122,"column":29},"end":{"line":122,"column":66}}]},"20":{"loc":{"start":{"line":131,"column":6},"end":{"line":143,"column":null}},"type":"if","locations":[{"start":{"line":131,"column":6},"end":{"line":143,"column":null}},{"start":{"line":131,"column":6},"end":{"line":143,"column":null}}]},"21":{"loc":{"start":{"line":147,"column":6},"end":{"line":159,"column":null}},"type":"if","locations":[{"start":{"line":147,"column":6},"end":{"line":159,"column":null}},{"start":{"line":147,"column":6},"end":{"line":159,"column":null}}]},"22":{"loc":{"start":{"line":147,"column":10},"end":{"line":147,"column":25}},"type":"binary-expr","locations":[{"start":{"line":147,"column":10},"end":{"line":147,"column":25}},{"start":{"line":147,"column":29},"end":{"line":147,"column":60}}]}},"s":{"0":12,"1":12,"2":12,"3":12,"4":12,"5":60,"6":840,"7":60,"8":60,"9":60,"10":60,"11":60,"12":60,"13":60,"14":60,"15":59,"16":59,"17":60,"18":0,"19":60,"20":2,"21":60,"22":2,"23":60,"24":36,"25":19,"26":17,"27":1,"28":16,"29":16,"30":16,"31":16,"32":60,"33":1,"34":60,"35":1,"36":60,"37":1,"38":60,"39":1,"40":60,"41":1,"42":60,"43":55,"44":55,"45":3,"46":60,"47":4,"48":59,"49":93,"50":9,"51":84,"52":59,"53":3,"54":3,"55":3,"56":16,"57":14,"58":2,"59":12},"f":{"0":60,"1":60,"2":60,"3":60,"4":36,"5":1,"6":1,"7":60,"8":93,"9":59,"10":3,"11":16},"b":{"0":[51,9],"1":[0,60],"2":[1,59],"3":[0,60],"4":[2,58],"5":[2,58],"6":[19,17],"7":[1,16],"8":[0,16],"9":[16,0],"10":[1,59],"11":[1,59],"12":[1,59],"13":[55,5],"14":[60,58,56],"15":[3,52],"16":[55,3],"17":[4,56],"18":[9,84],"19":[93,75],"20":[3,56],"21":[14,2],"22":[16,16]}}
,"/Users/licop/Documents/GitHub/ts-request/src/helpers/cookie.ts": {"path":"/Users/licop/Documents/GitHub/ts-request/src/helpers/cookie.ts","statementMap":{"0":{"start":{"line":1,"column":15},"end":{"line":8,"column":null}},"1":{"start":{"line":3,"column":18},"end":{"line":4,"column":null}},"2":{"start":{"line":6,"column":4},"end":{"line":6,"column":null}},"3":{"start":{"line":10,"column":0},"end":{"line":10,"column":null}}},"fnMap":{"0":{"name":"(anonymous_0)","decl":{"start":{"line":2,"column":2},"end":{"line":2,"column":6}},"loc":{"start":{"line":2,"column":19},"end":{"line":7,"column":3}}}},"branchMap":{"0":{"loc":{"start":{"line":6,"column":19},"end":{"line":6,"column":47}},"type":"cond-expr","locations":[{"start":{"line":6,"column":19},"end":{"line":6,"column":47}},{"start":{"line":6,"column":50},"end":{"line":6,"column":54}}]}},"s":{"0":13,"1":57,"2":57,"3":13},"f":{"0":57},"b":{"0":[4,53]}}
,"/Users/licop/Documents/GitHub/ts-request/src/helpers/data.ts": {"path":"/Users/licop/Documents/GitHub/ts-request/src/helpers/data.ts","statementMap":{"0":{"start":{"line":1,"column":0},"end":{"line":1,"column":38}},"1":{"start":{"line":4,"column":2},"end":{"line":6,"column":null}},"2":{"start":{"line":5,"column":4},"end":{"line":5,"column":null}},"3":{"start":{"line":7,"column":2},"end":{"line":7,"column":null}},"4":{"start":{"line":3,"column":0},"end":{"line":3,"column":16}},"5":{"start":{"line":11,"column":2},"end":{"line":17,"column":null}},"6":{"start":{"line":12,"column":4},"end":{"line":16,"column":null}},"7":{"start":{"line":13,"column":6},"end":{"line":13,"column":null}},"8":{"start":{"line":18,"column":2},"end":{"line":18,"column":null}},"9":{"start":{"line":10,"column":0},"end":{"line":10,"column":16}}},"fnMap":{"0":{"name":"transformRequest","decl":{"start":{"line":3,"column":16},"end":{"line":3,"column":32}},"loc":{"start":{"line":3,"column":42},"end":{"line":8,"column":1}}},"1":{"name":"transformResponse","decl":{"start":{"line":10,"column":16},"end":{"line":10,"column":33}},"loc":{"start":{"line":10,"column":43},"end":{"line":19,"column":1}}}},"branchMap":{"0":{"loc":{"start":{"line":4,"column":2},"end":{"line":6,"column":null}},"type":"if","locations":[{"start":{"line":4,"column":2},"end":{"line":6,"column":null}},{"start":{"line":4,"column":2},"end":{"line":6,"column":null}}]},"1":{"loc":{"start":{"line":11,"column":2},"end":{"line":17,"column":null}},"type":"if","locations":[{"start":{"line":11,"column":2},"end":{"line":17,"column":null}},{"start":{"line":11,"column":2},"end":{"line":17,"column":null}}]}},"s":{"0":13,"1":61,"2":7,"3":54,"4":13,"5":20,"6":19,"7":19,"8":20,"9":13},"f":{"0":61,"1":20},"b":{"0":[7,54],"1":[19,1]}}
,"/Users/licop/Documents/GitHub/ts-request/src/helpers/error.ts": {"path":"/Users/licop/Documents/GitHub/ts-request/src/helpers/error.ts","statementMap":{"0":{"start":{"line":3,"column":0},"end":{"line":3,"column":null}},"1":{"start":{"line":3,"column":32},"end":{"line":3,"column":37}},"2":{"start":{"line":17,"column":4},"end":{"line":17,"column":null}},"3":{"start":{"line":19,"column":4},"end":{"line":19,"column":null}},"4":{"start":{"line":20,"column":4},"end":{"line":20,"column":null}},"5":{"start":{"line":21,"column":4},"end":{"line":21,"column":null}},"6":{"start":{"line":22,"column":4},"end":{"line":22,"column":null}},"7":{"start":{"line":23,"column":4},"end":{"line":23,"column":null}},"8":{"start":{"line":25,"column":4},"end":{"line":25,"column":null}},"9":{"start":{"line":27,"column":0},"end":{"line":27,"column":null}},"10":{"start":{"line":3,"column":13},"end":{"line":3,"column":23}},"11":{"start":{"line":37,"column":16},"end":{"line":37,"column":72}},"12":{"start":{"line":38,"column":2},"end":{"line":38,"column":null}},"13":{"start":{"line":30,"column":0},"end":{"line":30,"column":16}}},"fnMap":{"0":{"name":"(anonymous_6)","decl":{"start":{"line":3,"column":0},"end":{"line":3,"column":13}},"loc":{"start":{"line":3,"column":0},"end":{"line":27,"column":null}}},"1":{"name":"AxiosError","decl":{"start":{"line":10,"column":2},"end":{"line":10,"column":null}},"loc":{"start":{"line":15,"column":28},"end":{"line":26,"column":3}}},"2":{"name":"createError","decl":{"start":{"line":30,"column":16},"end":{"line":30,"column":27}},"loc":{"start":{"line":35,"column":26},"end":{"line":39,"column":1}}}},"branchMap":{"0":{"loc":{"start":{"line":17,"column":4},"end":{"line":17,"column":18}},"type":"binary-expr","locations":[{"start":{"line":17,"column":4},"end":{"line":17,"column":18}},{"start":{"line":17,"column":18},"end":{"line":17,"column":null}}]}},"s":{"0":13,"1":13,"2":5,"3":5,"4":5,"5":5,"6":5,"7":5,"8":5,"9":13,"10":13,"11":5,"12":5,"13":13},"f":{"0":13,"1":5,"2":5},"b":{"0":[5,0]}}
,"/Users/licop/Documents/GitHub/ts-request/src/helpers/headers.ts": {"path":"/Users/licop/Documents/GitHub/ts-request/src/helpers/headers.ts","statementMap":{"0":{"start":{"line":1,"column":0},"end":{"line":1,"column":49}},"1":{"start":{"line":5,"column":2},"end":{"line":7,"column":null}},"2":{"start":{"line":6,"column":4},"end":{"line":6,"column":10}},"3":{"start":{"line":8,"column":2},"end":{"line":16,"column":null}},"4":{"start":{"line":9,"column":4},"end":{"line":15,"column":null}},"5":{"start":{"line":13,"column":6},"end":{"line":13,"column":null}},"6":{"start":{"line":14,"column":6},"end":{"line":14,"column":null}},"7":{"start":{"line":20,"column":2},"end":{"line":20,"column":null}},"8":{"start":{"line":22,"column":2},"end":{"line":26,"column":null}},"9":{"start":{"line":23,"column":4},"end":{"line":25,"column":null}},"10":{"start":{"line":24,"column":6},"end":{"line":24,"column":null}},"11":{"start":{"line":27,"column":2},"end":{"line":27,"column":null}},"12":{"start":{"line":19,"column":0},"end":{"line":19,"column":16}},"13":{"start":{"line":31,"column":15},"end":{"line":31,"column":34}},"14":{"start":{"line":32,"column":2},"end":{"line":34,"column":null}},"15":{"start":{"line":33,"column":4},"end":{"line":33,"column":null}},"16":{"start":{"line":36,"column":2},"end":{"line":44,"column":null}},"17":{"start":{"line":37,"column":25},"end":{"line":37,"column":40}},"18":{"start":{"line":37,"column":12},"end":{"line":37,"column":17}},"19":{"start":{"line":37,"column":21},"end":{"line":37,"column":25}},"20":{"start":{"line":38,"column":4},"end":{"line":38,"column":null}},"21":{"start":{"line":39,"column":4},"end":{"line":41,"column":null}},"22":{"start":{"line":40,"column":6},"end":{"line":40,"column":12}},"23":{"start":{"line":42,"column":16},"end":{"line":42,"column":37}},"24":{"start":{"line":43,"column":4},"end":{"line":43,"column":null}},"25":{"start":{"line":46,"column":2},"end":{"line":46,"column":null}},"26":{"start":{"line":30,"column":0},"end":{"line":30,"column":16}},"27":{"start":{"line":50,"column":2},"end":{"line":52,"column":null}},"28":{"start":{"line":51,"column":4},"end":{"line":51,"column":null}},"29":{"start":{"line":53,"column":2},"end":{"line":53,"column":null}},"30":{"start":{"line":55,"column":26},"end":{"line":64,"column":null}},"31":{"start":{"line":66,"column":2},"end":{"line":68,"column":null}},"32":{"start":{"line":67,"column":4},"end":{"line":67,"column":null}},"33":{"start":{"line":70,"column":2},"end":{"line":70,"column":null}},"34":{"start":{"line":49,"column":0},"end":{"line":49,"column":16}}},"fnMap":{"0":{"name":"normalizeHeaderName","decl":{"start":{"line":4,"column":9},"end":{"line":4,"column":28}},"loc":{"start":{"line":4,"column":65},"end":{"line":17,"column":1}}},"1":{"name":"(anonymous_1)","decl":{"start":{"line":8,"column":31},"end":{"line":8,"column":35}},"loc":{"start":{"line":8,"column":35},"end":{"line":16,"column":3}}},"2":{"name":"processHeaders","decl":{"start":{"line":19,"column":16},"end":{"line":19,"column":30}},"loc":{"start":{"line":19,"column":54},"end":{"line":28,"column":1}}},"3":{"name":"parseHeaders","decl":{"start":{"line":30,"column":16},"end":{"line":30,"column":28}},"loc":{"start":{"line":30,"column":44},"end":{"line":47,"column":1}}},"4":{"name":"(anonymous_4)","decl":{"start":{"line":36,"column":32},"end":{"line":36,"column":36}},"loc":{"start":{"line":36,"column":36},"end":{"line":44,"column":3}}},"5":{"name":"flattenHeaders","decl":{"start":{"line":49,"column":16},"end":{"line":49,"column":30}},"loc":{"start":{"line":49,"column":59},"end":{"line":71,"column":1}}},"6":{"name":"(anonymous_6)","decl":{"start":{"line":66,"column":26},"end":{"line":66,"column":32}},"loc":{"start":{"line":66,"column":32},"end":{"line":68,"column":3}}}},"branchMap":{"0":{"loc":{"start":{"line":5,"column":2},"end":{"line":7,"column":null}},"type":"if","locations":[{"start":{"line":5,"column":2},"end":{"line":7,"column":null}},{"start":{"line":5,"column":2},"end":{"line":7,"column":null}}]},"1":{"loc":{"start":{"line":9,"column":4},"end":{"line":15,"column":null}},"type":"if","locations":[{"start":{"line":9,"column":4},"end":{"line":15,"column":null}},{"start":{"line":9,"column":4},"end":{"line":15,"column":null}}]},"2":{"loc":{"start":{"line":10,"column":6},"end":{"line":10,"column":29}},"type":"binary-expr","locations":[{"start":{"line":10,"column":6},"end":{"line":10,"column":29}},{"start":{"line":11,"column":6},"end":{"line":11,"column":57}}]},"3":{"loc":{"start":{"line":22,"column":2},"end":{"line":26,"column":null}},"type":"if","locations":[{"start":{"line":22,"column":2},"end":{"line":26,"column":null}},{"start":{"line":22,"column":2},"end":{"line":26,"column":null}}]},"4":{"loc":{"start":{"line":23,"column":4},"end":{"line":25,"column":null}},"type":"if","locations":[{"start":{"line":23,"column":4},"end":{"line":25,"column":null}},{"start":{"line":23,"column":4},"end":{"line":25,"column":null}}]},"5":{"loc":{"start":{"line":23,"column":8},"end":{"line":23,"column":15}},"type":"binary-expr","locations":[{"start":{"line":23,"column":8},"end":{"line":23,"column":15}},{"start":{"line":23,"column":19},"end":{"line":23,"column":43}}]},"6":{"loc":{"start":{"line":32,"column":2},"end":{"line":34,"column":null}},"type":"if","locations":[{"start":{"line":32,"column":2},"end":{"line":34,"column":null}},{"start":{"line":32,"column":2},"end":{"line":34,"column":null}}]},"7":{"loc":{"start":{"line":39,"column":4},"end":{"line":41,"column":null}},"type":"if","locations":[{"start":{"line":39,"column":4},"end":{"line":41,"column":null}},{"start":{"line":39,"column":4},"end":{"line":41,"column":null}}]},"8":{"loc":{"start":{"line":50,"column":2},"end":{"line":52,"column":null}},"type":"if","locations":[{"start":{"line":50,"column":2},"end":{"line":52,"column":null}},{"start":{"line":50,"column":2},"end":{"line":52,"column":null}}]}},"s":{"0":13,"1":64,"2":4,"3":60,"4":468,"5":2,"6":2,"7":64,"8":64,"9":10,"10":5,"11":64,"12":13,"13":18,"14":18,"15":1,"16":17,"17":38,"18":38,"19":38,"20":38,"21":38,"22":17,"23":21,"24":21,"25":17,"26":13,"27":64,"28":3,"29":61,"30":61,"31":61,"32":488,"33":61,"34":13},"f":{"0":64,"1":468,"2":64,"3":18,"4":38,"5":64,"6":488},"b":{"0":[4,60],"1":[2,466],"2":[468,468],"3":[10,54],"4":[5,5],"5":[10,7],"6":[1,17],"7":[17,21],"8":[3,61]}}
,"/Users/licop/Documents/GitHub/ts-request/src/helpers/url.ts": {"path":"/Users/licop/Documents/GitHub/ts-request/src/helpers/url.ts","statementMap":{"0":{"start":{"line":1,"column":0},"end":{"line":1,"column":65}},"1":{"start":{"line":9,"column":2},"end":{"line":16,"column":null}},"2":{"start":{"line":24,"column":2},"end":{"line":26,"column":null}},"3":{"start":{"line":25,"column":4},"end":{"line":25,"column":null}},"4":{"start":{"line":29,"column":2},"end":{"line":58,"column":null}},"5":{"start":{"line":30,"column":4},"end":{"line":30,"column":null}},"6":{"start":{"line":31,"column":9},"end":{"line":58,"column":null}},"7":{"start":{"line":32,"column":4},"end":{"line":32,"column":null}},"8":{"start":{"line":34,"column":28},"end":{"line":34,"column":30}},"9":{"start":{"line":35,"column":4},"end":{"line":57,"column":null}},"10":{"start":{"line":36,"column":18},"end":{"line":36,"column":29}},"11":{"start":{"line":37,"column":6},"end":{"line":39,"column":null}},"12":{"start":{"line":38,"column":8},"end":{"line":38,"column":14}},"13":{"start":{"line":40,"column":19},"end":{"line":40,"column":21}},"14":{"start":{"line":41,"column":6},"end":{"line":46,"column":null}},"15":{"start":{"line":42,"column":8},"end":{"line":42,"column":null}},"16":{"start":{"line":43,"column":8},"end":{"line":43,"column":null}},"17":{"start":{"line":45,"column":8},"end":{"line":45,"column":null}},"18":{"start":{"line":47,"column":6},"end":{"line":54,"column":null}},"19":{"start":{"line":48,"column":8},"end":{"line":52,"column":null}},"20":{"start":{"line":49,"column":10},"end":{"line":49,"column":null}},"21":{"start":{"line":50,"column":15},"end":{"line":52,"column":null}},"22":{"start":{"line":51,"column":10},"end":{"line":51,"column":null}},"23":{"start":{"line":53,"column":8},"end":{"line":53,"column":null}},"24":{"start":{"line":56,"column":6},"end":{"line":56,"column":null}},"25":{"start":{"line":60,"column":2},"end":{"line":66,"column":null}},"26":{"start":{"line":61,"column":22},"end":{"line":61,"column":38}},"27":{"start":{"line":62,"column":4},"end":{"line":64,"column":null}},"28":{"start":{"line":63,"column":6},"end":{"line":63,"column":null}},"29":{"start":{"line":65,"column":4},"end":{"line":65,"column":null}},"30":{"start":{"line":68,"column":2},"end":{"line":68,"column":null}},"31":{"start":{"line":19,"column":0},"end":{"line":19,"column":16}},"32":{"start":{"line":72,"column":2},"end":{"line":72,"column":null}},"33":{"start":{"line":71,"column":0},"end":{"line":71,"column":16}},"34":{"start":{"line":76,"column":2},"end":{"line":78,"column":null}},"35":{"start":{"line":75,"column":0},"end":{"line":75,"column":16}},"36":{"start":{"line":83,"column":23},"end":{"line":83,"column":45}},"37":{"start":{"line":85,"column":2},"end":{"line":88,"column":null}},"38":{"start":{"line":82,"column":0},"end":{"line":82,"column":16}},"39":{"start":{"line":91,"column":23},"end":{"line":91,"column":50}},"40":{"start":{"line":92,"column":22},"end":{"line":92,"column":54}},"41":{"start":{"line":95,"column":2},"end":{"line":95,"column":null}},"42":{"start":{"line":96,"column":29},"end":{"line":96,"column":null}},"43":{"start":{"line":97,"column":2},"end":{"line":100,"column":null}}},"fnMap":{"0":{"name":"encode","decl":{"start":{"line":8,"column":9},"end":{"line":8,"column":15}},"loc":{"start":{"line":8,"column":27},"end":{"line":17,"column":1}}},"1":{"name":"buildURL","decl":{"start":{"line":19,"column":16},"end":{"line":19,"column":24}},"loc":{"start":{"line":22,"column":44},"end":{"line":69,"column":1}}},"2":{"name":"(anonymous_2)","decl":{"start":{"line":35,"column":32},"end":{"line":35,"column":35}},"loc":{"start":{"line":35,"column":35},"end":{"line":57,"column":5}}},"3":{"name":"(anonymous_3)","decl":{"start":{"line":47,"column":21},"end":{"line":47,"column":24}},"loc":{"start":{"line":47,"column":24},"end":{"line":54,"column":7}}},"4":{"name":"isAbsoluteURL","decl":{"start":{"line":71,"column":16},"end":{"line":71,"column":29}},"loc":{"start":{"line":71,"column":41},"end":{"line":73,"column":1}}},"5":{"name":"combineURL","decl":{"start":{"line":75,"column":16},"end":{"line":75,"column":26}},"loc":{"start":{"line":75,"column":64},"end":{"line":79,"column":1}}},"6":{"name":"isURLSameOrigin","decl":{"start":{"line":82,"column":16},"end":{"line":82,"column":31}},"loc":{"start":{"line":82,"column":50},"end":{"line":89,"column":1}}},"7":{"name":"resolveURL","decl":{"start":{"line":94,"column":9},"end":{"line":94,"column":19}},"loc":{"start":{"line":94,"column":31},"end":{"line":101,"column":1}}}},"branchMap":{"0":{"loc":{"start":{"line":24,"column":2},"end":{"line":26,"column":null}},"type":"if","locations":[{"start":{"line":24,"column":2},"end":{"line":26,"column":null}},{"start":{"line":24,"column":2},"end":{"line":26,"column":null}}]},"1":{"loc":{"start":{"line":29,"column":2},"end":{"line":58,"column":null}},"type":"if","locations":[{"start":{"line":29,"column":2},"end":{"line":58,"column":null}},{"start":{"line":29,"column":2},"end":{"line":58,"column":null}}]},"2":{"loc":{"start":{"line":31,"column":9},"end":{"line":58,"column":null}},"type":"if","locations":[{"start":{"line":31,"column":9},"end":{"line":58,"column":null}},{"start":{"line":31,"column":9},"end":{"line":58,"column":null}}]},"3":{"loc":{"start":{"line":37,"column":6},"end":{"line":39,"column":null}},"type":"if","locations":[{"start":{"line":37,"column":6},"end":{"line":39,"column":null}},{"start":{"line":37,"column":6},"end":{"line":39,"column":null}}]},"4":{"loc":{"start":{"line":37,"column":10},"end":{"line":37,"column":22}},"type":"binary-expr","locations":[{"start":{"line":37,"column":10},"end":{"line":37,"column":22}},{"start":{"line":37,"column":26},"end":{"line":37,"column":52}}]},"5":{"loc":{"start":{"line":41,"column":6},"end":{"line":46,"column":null}},"type":"if","locations":[{"start":{"line":41,"column":6},"end":{"line":46,"column":null}},{"start":{"line":41,"column":6},"end":{"line":46,"column":null}}]},"6":{"loc":{"start":{"line":48,"column":8},"end":{"line":52,"column":null}},"type":"if","locations":[{"start":{"line":48,"column":8},"end":{"line":52,"column":null}},{"start":{"line":48,"column":8},"end":{"line":52,"column":null}}]},"7":{"loc":{"start":{"line":50,"column":15},"end":{"line":52,"column":null}},"type":"if","locations":[{"start":{"line":50,"column":15},"end":{"line":52,"column":null}},{"start":{"line":50,"column":15},"end":{"line":52,"column":null}}]},"8":{"loc":{"start":{"line":60,"column":2},"end":{"line":66,"column":null}},"type":"if","locations":[{"start":{"line":60,"column":2},"end":{"line":66,"column":null}},{"start":{"line":60,"column":2},"end":{"line":66,"column":null}}]},"9":{"loc":{"start":{"line":62,"column":4},"end":{"line":64,"column":null}},"type":"if","locations":[{"start":{"line":62,"column":4},"end":{"line":64,"column":null}},{"start":{"line":62,"column":4},"end":{"line":64,"column":null}}]},"10":{"loc":{"start":{"line":65,"column":38},"end":{"line":65,"column":41}},"type":"cond-expr","locations":[{"start":{"line":65,"column":38},"end":{"line":65,"column":41}},{"start":{"line":65,"column":44},"end":{"line":65,"column":47}}]},"11":{"loc":{"start":{"line":77,"column":6},"end":{"line":77,"column":73}},"type":"cond-expr","locations":[{"start":{"line":77,"column":6},"end":{"line":77,"column":73}},{"start":{"line":78,"column":6},"end":{"line":78,"column":13}}]},"12":{"loc":{"start":{"line":86,"column":4},"end":{"line":86,"column":52}},"type":"binary-expr","locations":[{"start":{"line":86,"column":4},"end":{"line":86,"column":52}},{"start":{"line":87,"column":4},"end":{"line":87,"column":44}}]}},"s":{"0":13,"1":24,"2":73,"3":61,"4":12,"5":1,"6":11,"7":1,"8":10,"9":10,"10":13,"11":13,"12":2,"13":11,"14":11,"15":1,"16":1,"17":10,"18":11,"19":12,"20":1,"21":11,"22":1,"23":12,"24":11,"25":12,"26":11,"27":11,"28":1,"29":11,"30":12,"31":13,"32":12,"33":13,"34":9,"35":13,"36":60,"37":60,"38":13,"39":13,"40":13,"41":73,"42":146,"43":73},"f":{"0":24,"1":73,"2":13,"3":12,"4":12,"5":9,"6":60,"7":73},"b":{"0":[61,12],"1":[1,11],"2":[1,10],"3":[2,11],"4":[13,11],"5":[1,10],"6":[1,11],"7":[1,10],"8":[11,1],"9":[1,10],"10":[9,2],"11":[8,1],"12":[60,59]}}
,"/Users/licop/Documents/GitHub/ts-request/src/helpers/util.ts": {"path":"/Users/licop/Documents/GitHub/ts-request/src/helpers/util.ts","statementMap":{"0":{"start":{"line":1,"column":17},"end":{"line":1,"column":42}},"1":{"start":{"line":4,"column":2},"end":{"line":4,"column":null}},"2":{"start":{"line":3,"column":0},"end":{"line":3,"column":16}},"3":{"start":{"line":8,"column":2},"end":{"line":8,"column":null}},"4":{"start":{"line":7,"column":0},"end":{"line":7,"column":16}},"5":{"start":{"line":12,"column":2},"end":{"line":12,"column":null}},"6":{"start":{"line":11,"column":0},"end":{"line":11,"column":16}},"7":{"start":{"line":16,"column":2},"end":{"line":16,"column":null}},"8":{"start":{"line":15,"column":0},"end":{"line":15,"column":16}},"9":{"start":{"line":20,"column":2},"end":{"line":22,"column":null}},"10":{"start":{"line":21,"column":6},"end":{"line":21,"column":null}},"11":{"start":{"line":23,"column":2},"end":{"line":23,"column":null}},"12":{"start":{"line":19,"column":0},"end":{"line":19,"column":16}},"13":{"start":{"line":26,"column":26},"end":{"line":26,"column":40}},"14":{"start":{"line":27,"column":17},"end":{"line":27,"column":36}},"15":{"start":{"line":29,"column":2},"end":{"line":44,"column":null}},"16":{"start":{"line":30,"column":4},"end":{"line":43,"column":null}},"17":{"start":{"line":31,"column":6},"end":{"line":42,"column":null}},"18":{"start":{"line":32,"column":20},"end":{"line":32,"column":28}},"19":{"start":{"line":33,"column":8},"end":{"line":41,"column":null}},"20":{"start":{"line":34,"column":10},"end":{"line":38,"column":null}},"21":{"start":{"line":35,"column":12},"end":{"line":35,"column":null}},"22":{"start":{"line":37,"column":12},"end":{"line":37,"column":null}},"23":{"start":{"line":40,"column":10},"end":{"line":40,"column":null}},"24":{"start":{"line":46,"column":2},"end":{"line":46,"column":null}},"25":{"start":{"line":26,"column":0},"end":{"line":26,"column":16}}},"fnMap":{"0":{"name":"isDate","decl":{"start":{"line":3,"column":16},"end":{"line":3,"column":22}},"loc":{"start":{"line":3,"column":31},"end":{"line":5,"column":1}}},"1":{"name":"isPlainObject","decl":{"start":{"line":7,"column":16},"end":{"line":7,"column":29}},"loc":{"start":{"line":7,"column":38},"end":{"line":9,"column":1}}},"2":{"name":"isFormData","decl":{"start":{"line":11,"column":16},"end":{"line":11,"column":26}},"loc":{"start":{"line":11,"column":35},"end":{"line":13,"column":1}}},"3":{"name":"isURLSearchParams","decl":{"start":{"line":15,"column":16},"end":{"line":15,"column":33}},"loc":{"start":{"line":15,"column":42},"end":{"line":17,"column":1}}},"4":{"name":"extend","decl":{"start":{"line":19,"column":16},"end":{"line":19,"column":22}},"loc":{"start":{"line":19,"column":43},"end":{"line":24,"column":1}}},"5":{"name":"deepMerge","decl":{"start":{"line":26,"column":16},"end":{"line":26,"column":25}},"loc":{"start":{"line":26,"column":25},"end":{"line":47,"column":1}}},"6":{"name":"(anonymous_6)","decl":{"start":{"line":29,"column":15},"end":{"line":29,"column":18}},"loc":{"start":{"line":29,"column":18},"end":{"line":44,"column":3}}},"7":{"name":"(anonymous_7)","decl":{"start":{"line":31,"column":31},"end":{"line":31,"column":34}},"loc":{"start":{"line":31,"column":34},"end":{"line":42,"column":7}}}},"branchMap":{"0":{"loc":{"start":{"line":12,"column":9},"end":{"line":12,"column":35}},"type":"binary-expr","locations":[{"start":{"line":12,"column":9},"end":{"line":12,"column":35}},{"start":{"line":12,"column":39},"end":{"line":12,"column":62}}]},"1":{"loc":{"start":{"line":16,"column":9},"end":{"line":16,"column":35}},"type":"binary-expr","locations":[{"start":{"line":16,"column":9},"end":{"line":16,"column":35}},{"start":{"line":16,"column":39},"end":{"line":16,"column":69}}]},"2":{"loc":{"start":{"line":30,"column":4},"end":{"line":43,"column":null}},"type":"if","locations":[{"start":{"line":30,"column":4},"end":{"line":43,"column":null}},{"start":{"line":30,"column":4},"end":{"line":43,"column":null}}]},"3":{"loc":{"start":{"line":33,"column":8},"end":{"line":41,"column":null}},"type":"if","locations":[{"start":{"line":33,"column":8},"end":{"line":41,"column":null}},{"start":{"line":33,"column":8},"end":{"line":41,"column":null}}]},"4":{"loc":{"start":{"line":34,"column":10},"end":{"line":38,"column":null}},"type":"if","locations":[{"start":{"line":34,"column":10},"end":{"line":38,"column":null}},{"start":{"line":34,"column":10},"end":{"line":38,"column":null}}]}},"s":{"0":16,"1":14,"2":16,"3":3504,"4":16,"5":62,"6":16,"7":13,"8":16,"9":38,"10":470,"11":38,"12":16,"13":4291,"14":1380,"15":1380,"16":1531,"17":1516,"18":1968,"19":1968,"20":1211,"21":4,"22":1207,"23":757,"24":1380,"25":16},"f":{"0":14,"1":3504,"2":62,"3":13,"4":38,"5":1380,"6":1531,"7":1968},"b":{"0":[62,62],"1":[13,13],"2":[1516,15],"3":[1211,757],"4":[4,1207]}}
}
