TN:
SF:/Users/licop/Documents/GitHub/ts-request/src/axios.ts
FN:9,createInstance
FN:19,create
FN:26,all
FN:30,spread
FN:31,wrap
FNF:5
FNH:5
FNDA:36,createInstance
FNDA:24,create
FNDA:2,all
FNDA:1,spread
FNDA:1,wrap
DA:2,12
DA:3,12
DA:4,12
DA:5,12
DA:6,12
DA:7,12
DA:10,36
DA:11,36
DA:13,36
DA:15,36
DA:18,12
DA:19,12
DA:20,24
DA:22,12
DA:23,12
DA:24,12
DA:26,12
DA:27,2
DA:30,12
DA:31,1
DA:32,1
DA:36,12
DA:38,12
LF:23
LH:23
BRF:0
BRH:0
end_of_record
TN:
SF:/Users/licop/Documents/GitHub/ts-request/src/defaults.ts
FN:17,(anonymous_0)
FN:24,(anonymous_1)
FN:29,(anonymous_2)
FN:35,(anonymous_3)
FN:41,(anonymous_4)
FNF:5
FNH:5
FNDA:59,(anonymous_0)
FNDA:17,(anonymous_1)
FNDA:14,(anonymous_2)
FNDA:48,(anonymous_3)
FNDA:36,(anonymous_4)
DA:2,12
DA:3,12
DA:5,12
DA:18,59
DA:19,59
DA:25,17
DA:30,14
DA:34,12
DA:35,12
DA:36,48
DA:39,12
DA:41,12
DA:42,36
DA:47,12
LF:14
LH:14
BRDA:30,0,0,14
BRDA:30,0,1,14
BRF:2
BRH:2
end_of_record
TN:
SF:/Users/licop/Documents/GitHub/ts-request/src/index.ts
FNF:0
FNH:0
DA:1,12
DA:3,12
DA:5,12
LF:3
LH:3
BRF:0
BRH:0
end_of_record
TN:
SF:/Users/licop/Documents/GitHub/ts-request/src/cancel/Cancel.ts
FN:1,(anonymous_0)
FN:4,Cancel
FN:9,isCancel
FNF:3
FNH:3
FNDA:14,(anonymous_0)
FNDA:11,Cancel
FNDA:2,isCancel
DA:1,14
DA:5,11
DA:7,14
DA:9,14
DA:10,2
LF:5
LH:5
BRF:0
BRH:0
end_of_record
TN:
SF:/Users/licop/Documents/GitHub/ts-request/src/cancel/CancelToken.ts
FN:8,(anonymous_0)
FN:12,CancelToken
FN:15,(anonymous_2)
FN:19,(anonymous_3)
FN:29,(anonymous_4)
FN:31,(anonymous_5)
FN:40,(anonymous_6)
FNF:7
FNH:7
FNDA:13,(anonymous_0)
FNDA:11,CancelToken
FNDA:11,(anonymous_2)
FNDA:10,(anonymous_3)
FNDA:5,(anonymous_4)
FNDA:5,(anonymous_5)
FNDA:6,(anonymous_6)
DA:2,13
DA:8,13
DA:12,11
DA:15,11
DA:16,11
DA:19,11
DA:20,10
DA:21,1
DA:24,9
DA:25,9
DA:29,13
DA:31,5
DA:32,5
DA:34,5
DA:40,13
DA:41,6
DA:42,2
DA:45,13
LF:18
LH:18
BRDA:20,0,0,1
BRDA:20,0,1,9
BRDA:41,1,0,2
BRDA:41,1,1,4
BRF:4
BRH:4
end_of_record
TN:
SF:/Users/licop/Documents/GitHub/ts-request/src/core/Axios.ts
FN:23,(anonymous_0)
FN:27,Axios
FN:35,(anonymous_2)
FN:55,(anonymous_3)
FN:59,(anonymous_4)
FN:72,(anonymous_5)
FN:75,(anonymous_6)
FN:78,(anonymous_7)
FN:81,(anonymous_8)
FN:85,(anonymous_9)
FN:88,(anonymous_10)
FN:91,(anonymous_11)
FN:94,(anonymous_12)
FN:99,(anonymous_13)
FN:111,(anonymous_14)
FNF:15
FNH:15
FNDA:12,(anonymous_0)
FNDA:36,Axios
FNDA:61,(anonymous_2)
FNDA:7,(anonymous_3)
FNDA:8,(anonymous_4)
FNDA:12,(anonymous_5)
FNDA:1,(anonymous_6)
FNDA:1,(anonymous_7)
FNDA:1,(anonymous_8)
FNDA:12,(anonymous_9)
FNDA:1,(anonymous_10)
FNDA:1,(anonymous_11)
FNDA:1,(anonymous_12)
FNDA:15,(anonymous_13)
FNDA:14,(anonymous_14)
DA:9,12
DA:10,12
DA:11,12
DA:23,12
DA:28,36
DA:29,36
DA:35,12
DA:36,61
DA:37,31
DA:38,19
DA:40,31
DA:42,30
DA:45,61
DA:46,61
DA:48,61
DA:55,61
DA:56,7
DA:59,61
DA:60,8
DA:63,61
DA:64,61
DA:65,76
DA:66,76
DA:69,61
DA:72,12
DA:73,12
DA:75,12
DA:76,1
DA:78,12
DA:79,1
DA:81,12
DA:82,1
DA:85,12
DA:86,12
DA:88,12
DA:89,1
DA:91,12
DA:92,1
DA:94,12
DA:95,1
DA:96,1
DA:99,12
DA:104,15
DA:111,12
DA:117,14
DA:125,12
LF:46
LH:46
BRDA:36,0,0,31
BRDA:36,0,1,30
BRDA:37,1,0,19
BRDA:37,1,1,12
BRDA:105,2,0,15
BRDA:105,2,1,10
BRDA:118,3,0,14
BRDA:118,3,1,11
BRF:8
BRH:8
end_of_record
TN:
SF:/Users/licop/Documents/GitHub/ts-request/src/core/InterceptorManager.ts
FN:12,(anonymous_0)
FN:15,InterceptorManager
FN:19,(anonymous_2)
FN:27,(anonymous_3)
FN:28,(anonymous_4)
FN:35,(anonymous_5)
FNF:6
FNH:6
FNDA:12,(anonymous_0)
FNDA:72,InterceptorManager
FNDA:17,(anonymous_2)
FNDA:122,(anonymous_3)
FNDA:16,(anonymous_4)
FNDA:2,(anonymous_5)
DA:12,12
DA:16,72
DA:19,12
DA:20,17
DA:24,17
DA:27,12
DA:28,122
DA:29,16
DA:30,15
DA:35,12
DA:36,2
DA:37,1
DA:40,12
LF:13
LH:13
BRDA:29,0,0,15
BRDA:29,0,1,1
BRDA:36,1,0,1
BRDA:36,1,1,1
BRF:4
BRH:4
end_of_record
TN:
SF:/Users/licop/Documents/GitHub/ts-request/src/core/dispatchRequest.ts
FN:12,dispatchRequest
FN:18,(anonymous_1)
FN:21,(anonymous_2)
FN:30,processConfig
FN:36,transformURL
FN:45,transformResponseData
FN:50,throwIfCancellationRequested
FNF:7
FNH:7
FNDA:61,dispatchRequest
FNDA:13,(anonymous_1)
FNDA:7,(anonymous_2)
FNDA:60,processConfig
FNDA:61,transformURL
FNDA:15,transformResponseData
FNDA:61,throwIfCancellationRequested
DA:1,12
DA:8,12
DA:9,12
DA:10,12
DA:12,12
DA:15,61
DA:16,60
DA:17,60
DA:19,13
DA:22,7
DA:23,2
DA:25,7
DA:31,60
DA:32,60
DA:33,60
DA:36,12
DA:37,244
DA:38,61
DA:39,4
DA:42,61
DA:46,15
DA:47,15
DA:51,61
DA:52,4
LF:24
LH:24
BRDA:22,0,0,2
BRDA:22,0,1,5
BRDA:22,1,0,7
BRDA:22,1,1,7
BRDA:38,2,0,4
BRDA:38,2,1,57
BRDA:38,3,0,61
BRDA:38,3,1,4
BRDA:51,4,0,4
BRDA:51,4,1,57
BRF:10
BRH:10
end_of_record
TN:
SF:/Users/licop/Documents/GitHub/ts-request/src/core/mergeConfig.ts
FN:7,defaultStrat
FN:11,fromVal2Strat
FN:17,deepMergeStrat
FN:32,(anonymous_3)
FN:36,(anonymous_4)
FN:40,mergeConfig
FN:58,mergeField
FNF:7
FNH:7
FNDA:650,defaultStrat
FNDA:83,fromVal2Strat
FNDA:100,deepMergeStrat
FNDA:36,(anonymous_3)
FNDA:24,(anonymous_4)
FNDA:96,mergeConfig
FNDA:833,mergeField
DA:1,12
DA:4,12
DA:8,650
DA:12,83
DA:13,75
DA:18,100
DA:19,11
DA:20,89
DA:21,2
DA:22,87
DA:23,86
DA:25,1
DA:29,12
DA:30,12
DA:32,12
DA:33,36
DA:36,12
DA:37,24
DA:40,12
DA:44,96
DA:45,22
DA:47,96
DA:48,96
DA:49,145
DA:52,96
DA:53,738
DA:54,688
DA:59,833
DA:60,833
DA:63,96
LF:30
LH:30
BRDA:8,0,0,53
BRDA:8,0,1,597
BRDA:12,1,0,75
BRDA:12,1,1,8
BRDA:18,2,0,11
BRDA:18,2,1,89
BRDA:20,3,0,2
BRDA:20,3,1,87
BRDA:22,4,0,86
BRDA:22,4,1,1
BRDA:44,5,0,22
BRDA:44,5,1,74
BRDA:53,6,0,688
BRDA:53,6,1,50
BRDA:59,7,0,833
BRDA:59,7,1,650
BRF:16
BRH:16
end_of_record
TN:
SF:/Users/licop/Documents/GitHub/ts-request/src/core/transform.ts
FN:3,transform
FN:14,(anonymous_1)
FNF:2
FNH:2
FNDA:75,transform
FNDA:75,(anonymous_1)
DA:3,12
DA:8,75
DA:9,1
DA:11,74
DA:12,2
DA:14,74
DA:15,75
DA:17,74
LF:8
LH:8
BRDA:8,0,0,1
BRDA:8,0,1,74
BRDA:11,1,0,2
BRDA:11,1,1,72
BRF:4
BRH:4
end_of_record
TN:
SF:/Users/licop/Documents/GitHub/ts-request/src/core/xhr.ts
FN:8,xhr
FN:9,(anonymous_1)
FN:38,configureRequest
FN:51,addEvent
FN:52,handleLoad
FN:79,handleError
FN:83,handleTimeout
FN:103,processHeaders
FN:121,(anonymous_8)
FN:130,processCancel
FN:133,(anonymous_10)
FN:146,handleResponse
FNF:12
FNH:12
FNDA:60,xhr
FNDA:60,(anonymous_1)
FNDA:60,configureRequest
FNDA:60,addEvent
FNDA:36,handleLoad
FNDA:1,handleError
FNDA:1,handleTimeout
FNDA:60,processHeaders
FNDA:93,(anonymous_8)
FNDA:59,processCancel
FNDA:3,(anonymous_10)
FNDA:16,handleResponse
DA:2,12
DA:3,12
DA:4,12
DA:5,12
DA:6,12
DA:8,12
DA:9,60
DA:11,60
DA:13,60
DA:14,60
DA:27,840
DA:29,60
DA:30,60
DA:32,60
DA:33,60
DA:34,60
DA:35,59
DA:36,59
DA:39,60
DA:40,0
DA:42,60
DA:43,2
DA:46,60
DA:47,2
DA:52,60
DA:53,36
DA:54,19
DA:56,17
DA:57,1
DA:60,16
DA:63,16
DA:67,16
DA:75,16
DA:79,60
DA:80,1
DA:83,60
DA:84,1
DA:94,60
DA:95,1
DA:98,60
DA:99,1
DA:104,60
DA:105,1
DA:108,60
DA:109,55
DA:110,55
DA:111,3
DA:116,60
DA:117,4
DA:121,59
DA:122,93
DA:123,9
DA:125,84
DA:131,59
DA:132,3
DA:134,3
DA:135,3
DA:147,16
DA:148,14
DA:150,2
LF:60
LH:59
BRDA:11,0,0,51
BRDA:11,0,1,9
BRDA:13,1,0,0
BRDA:13,1,1,60
BRDA:14,2,0,1
BRDA:14,2,1,59
BRDA:39,3,0,0
BRDA:39,3,1,60
BRDA:42,4,0,2
BRDA:42,4,1,58
BRDA:46,5,0,2
BRDA:46,5,1,58
BRDA:53,6,0,19
BRDA:53,6,1,17
BRDA:56,7,0,1
BRDA:56,7,1,16
BRDA:64,8,0,0
BRDA:64,8,1,16
BRDA:63,9,0,16
BRDA:63,9,1,0
BRDA:94,10,0,1
BRDA:94,10,1,59
BRDA:98,11,0,1
BRDA:98,11,1,59
BRDA:104,12,0,1
BRDA:104,12,1,59
BRDA:108,13,0,55
BRDA:108,13,1,5
BRDA:108,14,0,60
BRDA:108,14,1,58
BRDA:108,14,2,56
BRDA:110,15,0,3
BRDA:110,15,1,52
BRDA:110,16,0,55
BRDA:110,16,1,3
BRDA:116,17,0,4
BRDA:116,17,1,56
BRDA:122,18,0,9
BRDA:122,18,1,84
BRDA:122,19,0,93
BRDA:122,19,1,75
BRDA:131,20,0,3
BRDA:131,20,1,56
BRDA:147,21,0,14
BRDA:147,21,1,2
BRDA:147,22,0,16
BRDA:147,22,1,16
BRF:47
BRH:43
end_of_record
TN:
SF:/Users/licop/Documents/GitHub/ts-request/src/helpers/cookie.ts
FN:2,(anonymous_0)
FNF:1
FNH:1
FNDA:57,(anonymous_0)
DA:1,13
DA:3,57
DA:6,57
DA:10,13
LF:4
LH:4
BRDA:6,0,0,4
BRDA:6,0,1,53
BRF:2
BRH:2
end_of_record
TN:
SF:/Users/licop/Documents/GitHub/ts-request/src/helpers/data.ts
FN:3,transformRequest
FN:10,transformResponse
FNF:2
FNH:2
FNDA:61,transformRequest
FNDA:20,transformResponse
DA:1,13
DA:3,13
DA:4,61
DA:5,7
DA:7,54
DA:10,13
DA:11,20
DA:12,19
DA:13,19
DA:18,20
LF:10
LH:10
BRDA:4,0,0,7
BRDA:4,0,1,54
BRDA:11,1,0,19
BRDA:11,1,1,1
BRF:4
BRH:4
end_of_record
TN:
SF:/Users/licop/Documents/GitHub/ts-request/src/helpers/error.ts
FN:3,(anonymous_6)
FN:10,AxiosError
FN:30,createError
FNF:3
FNH:3
FNDA:13,(anonymous_6)
FNDA:5,AxiosError
FNDA:5,createError
DA:3,13
DA:17,5
DA:19,5
DA:20,5
DA:21,5
DA:22,5
DA:23,5
DA:25,5
DA:27,13
DA:30,13
DA:37,5
DA:38,5
LF:12
LH:12
BRDA:17,0,0,5
BRDA:17,0,1,0
BRF:2
BRH:1
end_of_record
TN:
SF:/Users/licop/Documents/GitHub/ts-request/src/helpers/headers.ts
FN:4,normalizeHeaderName
FN:8,(anonymous_1)
FN:19,processHeaders
FN:30,parseHeaders
FN:36,(anonymous_4)
FN:49,flattenHeaders
FN:66,(anonymous_6)
FNF:7
FNH:7
FNDA:64,normalizeHeaderName
FNDA:468,(anonymous_1)
FNDA:64,processHeaders
FNDA:18,parseHeaders
FNDA:38,(anonymous_4)
FNDA:64,flattenHeaders
FNDA:488,(anonymous_6)
DA:1,13
DA:5,64
DA:6,4
DA:8,60
DA:9,468
DA:13,2
DA:14,2
DA:19,13
DA:20,64
DA:22,64
DA:23,10
DA:24,5
DA:27,64
DA:30,13
DA:31,18
DA:32,18
DA:33,1
DA:36,17
DA:37,38
DA:38,38
DA:39,38
DA:40,17
DA:42,21
DA:43,21
DA:46,17
DA:49,13
DA:50,64
DA:51,3
DA:53,61
DA:55,61
DA:66,61
DA:67,488
DA:70,61
LF:33
LH:33
BRDA:5,0,0,4
BRDA:5,0,1,60
BRDA:9,1,0,2
BRDA:9,1,1,466
BRDA:10,2,0,468
BRDA:10,2,1,468
BRDA:22,3,0,10
BRDA:22,3,1,54
BRDA:23,4,0,5
BRDA:23,4,1,5
BRDA:23,5,0,10
BRDA:23,5,1,7
BRDA:32,6,0,1
BRDA:32,6,1,17
BRDA:39,7,0,17
BRDA:39,7,1,21
BRDA:50,8,0,3
BRDA:50,8,1,61
BRF:18
BRH:18
end_of_record
TN:
SF:/Users/licop/Documents/GitHub/ts-request/src/helpers/url.ts
FN:8,encode
FN:19,buildURL
FN:35,(anonymous_2)
FN:47,(anonymous_3)
FN:71,isAbsoluteURL
FN:75,combineURL
FN:82,isURLSameOrigin
FN:94,resolveURL
FNF:8
FNH:8
FNDA:24,encode
FNDA:73,buildURL
FNDA:13,(anonymous_2)
FNDA:12,(anonymous_3)
FNDA:12,isAbsoluteURL
FNDA:9,combineURL
FNDA:60,isURLSameOrigin
FNDA:73,resolveURL
DA:1,13
DA:9,24
DA:19,13
DA:24,73
DA:25,61
DA:29,12
DA:30,1
DA:31,11
DA:32,1
DA:34,10
DA:35,10
DA:36,13
DA:37,13
DA:38,2
DA:40,11
DA:41,11
DA:42,1
DA:43,1
DA:45,10
DA:47,11
DA:48,12
DA:49,1
DA:50,11
DA:51,1
DA:53,12
DA:56,11
DA:60,12
DA:61,11
DA:62,11
DA:63,1
DA:65,11
DA:68,12
DA:71,13
DA:72,12
DA:75,13
DA:76,9
DA:82,13
DA:83,60
DA:85,60
DA:91,13
DA:92,13
DA:95,73
DA:96,146
DA:97,73
LF:44
LH:44
BRDA:24,0,0,61
BRDA:24,0,1,12
BRDA:29,1,0,1
BRDA:29,1,1,11
BRDA:31,2,0,1
BRDA:31,2,1,10
BRDA:37,3,0,2
BRDA:37,3,1,11
BRDA:37,4,0,13
BRDA:37,4,1,11
BRDA:41,5,0,1
BRDA:41,5,1,10
BRDA:48,6,0,1
BRDA:48,6,1,11
BRDA:50,7,0,1
BRDA:50,7,1,10
BRDA:60,8,0,11
BRDA:60,8,1,1
BRDA:62,9,0,1
BRDA:62,9,1,10
BRDA:65,10,0,9
BRDA:65,10,1,2
BRDA:77,11,0,8
BRDA:77,11,1,1
BRDA:86,12,0,60
BRDA:86,12,1,59
BRF:26
BRH:26
end_of_record
TN:
SF:/Users/licop/Documents/GitHub/ts-request/src/helpers/util.ts
FN:3,isDate
FN:7,isPlainObject
FN:11,isFormData
FN:15,isURLSearchParams
FN:19,extend
FN:26,deepMerge
FN:29,(anonymous_6)
FN:31,(anonymous_7)
FNF:8
FNH:8
FNDA:14,isDate
FNDA:3504,isPlainObject
FNDA:62,isFormData
FNDA:13,isURLSearchParams
FNDA:38,extend
FNDA:1380,deepMerge
FNDA:1531,(anonymous_6)
FNDA:1968,(anonymous_7)
DA:1,16
DA:3,16
DA:4,14
DA:7,16
DA:8,3504
DA:11,16
DA:12,62
DA:15,16
DA:16,13
DA:19,16
DA:20,38
DA:21,470
DA:23,38
DA:26,4291
DA:27,1380
DA:29,1380
DA:30,1531
DA:31,1516
DA:32,1968
DA:33,1968
DA:34,1211
DA:35,4
DA:37,1207
DA:40,757
DA:46,1380
LF:25
LH:25
BRDA:12,0,0,62
BRDA:12,0,1,62
BRDA:16,1,0,13
BRDA:16,1,1,13
BRDA:30,2,0,1516
BRDA:30,2,1,15
BRDA:33,3,0,1211
BRDA:33,3,1,757
BRDA:34,4,0,4
BRDA:34,4,1,1207
BRF:10
BRH:10
end_of_record
